::1 - - [23/Dec/2020:13:25:42 +0100] "GET / HTTP/1.1" 200 1599
::1 - - [23/Dec/2020:13:25:43 +0100] "GET /?getimg=title HTTP/1.1" 200 6119
::1 - - [23/Dec/2020:13:25:43 +0100] "GET /?getimg=folder HTTP/1.1" 200 537
::1 - - [23/Dec/2020:13:25:43 +0100] "GET /?getimg=favicon HTTP/1.1" 200 5430
::1 - - [23/Dec/2020:13:25:47 +0100] "GET /my-app HTTP/1.1" 301 332
::1 - - [23/Dec/2020:13:25:47 +0100] "GET /my-app/ HTTP/1.1" 200 770
::1 - - [23/Dec/2020:13:25:47 +0100] "GET /icons/blank.gif HTTP/1.1" 200 148
::1 - - [23/Dec/2020:13:25:47 +0100] "GET /icons/back.gif HTTP/1.1" 200 216
::1 - - [23/Dec/2020:13:25:47 +0100] "GET /favicon.ico HTTP/1.1" 404 309
::1 - - [23/Dec/2020:13:25:53 +0100] "GET / HTTP/1.1" 200 1599
::1 - - [23/Dec/2020:13:25:53 +0100] "GET /?getimg=title HTTP/1.1" 200 6119
::1 - - [23/Dec/2020:13:25:53 +0100] "GET /?getimg=folder HTTP/1.1" 200 537
::1 - - [23/Dec/2020:13:25:59 +0100] "GET / HTTP/1.1" 200 1599
::1 - - [23/Dec/2020:13:26:00 +0100] "GET /?getimg=title HTTP/1.1" 200 6119
::1 - - [23/Dec/2020:13:26:00 +0100] "GET /?getimg=folder HTTP/1.1" 200 537
::1 - - [23/Dec/2020:13:26:03 +0100] "GET /?getimg=title HTTP/1.1" 200 6119
::1 - - [23/Dec/2020:13:27:48 +0100] "GET /my-app/ HTTP/1.1" 200 770
::1 - - [23/Dec/2020:13:30:19 +0100] "GET / HTTP/1.1" 200 1978
::1 - - [23/Dec/2020:13:30:19 +0100] "GET /style.css HTTP/1.1" 200 1716
::1 - - [23/Dec/2020:13:30:19 +0100] "GET /style_petitecran.css HTTP/1.1" 404 318
::1 - - [23/Dec/2020:13:30:20 +0100] "GET /images/1_generales/logo_brains.png HTTP/1.1" 404 332
::1 - - [23/Dec/2020:13:30:20 +0100] "GET / HTTP/1.1" 200 1978
::1 - - [23/Dec/2020:13:30:20 +0100] "GET /images/1_generales/logo_brains.ico HTTP/1.1" 404 332
::1 - - [23/Dec/2020:13:30:36 +0100] "GET /admin/connexion HTTP/1.1" 404 313
::1 - - [23/Dec/2020:13:30:55 +0100] "GET /admin/ HTTP/1.1" 403 315
::1 - - [23/Dec/2020:13:31:06 +0100] "GET /admin/connexion HTTP/1.1" 404 313
::1 - - [23/Dec/2020:13:31:10 +0100] "GET /admin/connexion.php HTTP/1.1" 200 1009
::1 - - [23/Dec/2020:13:36:31 +0100] "GET /index.php HTTP/1.1" 200 1978
::1 - - [23/Dec/2020:13:36:31 +0100] "GET /style.css HTTP/1.1" 304 -
::1 - - [23/Dec/2020:13:36:31 +0100] "GET /images/1_generales/logo_brains.png HTTP/1.1" 404 332
::1 - - [23/Dec/2020:13:36:31 +0100] "GET /style_petitecran.css HTTP/1.1" 404 318
::1 - - [23/Dec/2020:13:36:31 +0100] "GET /index.php HTTP/1.1" 200 1978
::1 - - [23/Dec/2020:13:36:58 +0100] "GET /admin/connexion.php HTTP/1.1" 200 1037
::1 - - [23/Dec/2020:13:37:43 +0100] "GET /admin/connexion.php HTTP/1.1" 200 1049
::1 - - [23/Dec/2020:13:38:26 +0100] "GET /admin/connexion.php HTTP/1.1" 200 1046
::1 - - [23/Dec/2020:13:38:52 +0100] "GET /admin/connexion.php HTTP/1.1" 200 1037
::1 - - [23/Dec/2020:13:43:39 +0100] "GET /admin/connexion.php HTTP/1.1" 200 1048
::1 - - [23/Dec/2020:13:48:33 +0100] "GET /admin/connexion.php HTTP/1.1" 200 1067
::1 - - [23/Dec/2020:13:48:53 +0100] "GET /admin/connexion.php HTTP/1.1" 200 1089
::1 - - [23/Dec/2020:13:49:05 +0100] "GET /admin/connexion.php HTTP/1.1" 200 1091
::1 - - [23/Dec/2020:13:49:27 +0100] "GET /admin/connexion.php HTTP/1.1" 200 1100
::1 - - [23/Dec/2020:13:49:52 +0100] "GET /admin/connexion.php HTTP/1.1" 200 1110
::1 - - [23/Dec/2020:13:50:26 +0100] "GET /admin/connexion.php HTTP/1.1" 200 1110
::1 - - [23/Dec/2020:13:51:40 +0100] "GET /admin/connexion.php HTTP/1.1" 200 1118
::1 - - [23/Dec/2020:13:51:54 +0100] "GET /admin/connexion.php HTTP/1.1" 200 1118
::1 - - [23/Dec/2020:13:52:14 +0100] "GET /admin/connexion.php HTTP/1.1" 200 1134
::1 - - [23/Dec/2020:13:53:38 +0100] "GET /admin/connexion.php HTTP/1.1" 200 1177
::1 - - [23/Dec/2020:13:53:53 +0100] "GET /admin/connexion.php HTTP/1.1" 200 1177
::1 - - [23/Dec/2020:13:53:55 +0100] "GET /admin/connexion.php HTTP/1.1" 200 1177
::1 - - [23/Dec/2020:13:53:56 +0100] "GET /admin/connexion.php HTTP/1.1" 200 1177
::1 - - [23/Dec/2020:13:53:56 +0100] "GET /admin/connexion.php HTTP/1.1" 200 1177
::1 - - [23/Dec/2020:13:54:04 +0100] "GET /admin/connexion.php HTTP/1.1" 200 1177
::1 - - [23/Dec/2020:13:54:07 +0100] "GET /admin/connexion.php HTTP/1.1" 200 1177
::1 - - [23/Dec/2020:13:54:07 +0100] "GET /admin/connexion.php HTTP/1.1" 200 1177
::1 - - [23/Dec/2020:13:54:07 +0100] "GET /admin/connexion.php HTTP/1.1" 200 1177
::1 - - [23/Dec/2020:13:54:37 +0100] "GET /admin/connexion.php HTTP/1.1" 200 1243
::1 - - [23/Dec/2020:13:54:43 +0100] "GET /admin/connexion.php HTTP/1.1" 200 1231
::1 - - [23/Dec/2020:13:54:58 +0100] "GET /admin/connexion.php HTTP/1.1" 200 1228
::1 - - [23/Dec/2020:13:58:45 +0100] "GET /admin/connexion.php HTTP/1.1" 200 1246
::1 - - [23/Dec/2020:14:02:53 +0100] "GET /admin/connexion.php HTTP/1.1" 200 1254
::1 - - [23/Dec/2020:14:03:01 +0100] "GET /admin/connexion.php HTTP/1.1" 200 1254
::1 - - [23/Dec/2020:14:03:12 +0100] "GET /admin/connexion.php HTTP/1.1" 200 1260
::1 - - [23/Dec/2020:14:03:21 +0100] "GET /admin/connexion.php HTTP/1.1" 200 1271
::1 - - [23/Dec/2020:14:03:30 +0100] "GET /admin/connexion.php HTTP/1.1" 200 1257
::1 - - [23/Dec/2020:17:44:58 +0100] "GET / HTTP/1.1" 200 3915
::1 - - [23/Dec/2020:17:44:58 +0100] "GET /style.css HTTP/1.1" 304 -
::1 - - [23/Dec/2020:17:44:58 +0100] "GET /style_petitecran.css HTTP/1.1" 404 318
::1 - - [23/Dec/2020:17:44:58 +0100] "GET /images/1_generales/logo_brains.png HTTP/1.1" 404 332
::1 - - [23/Dec/2020:17:46:51 +0100] "GET / HTTP/1.1" 200 2022
::1 - - [23/Dec/2020:17:46:51 +0100] "GET /style_petitecran.css HTTP/1.1" 404 318
::1 - - [23/Dec/2020:17:46:51 +0100] "GET /images/1_generales/logo_brains.png HTTP/1.1" 404 332
::1 - - [23/Dec/2020:17:46:51 +0100] "GET / HTTP/1.1" 200 2022
::1 - - [23/Dec/2020:17:47:01 +0100] "GET /admin/connexion.php HTTP/1.1" 200 1299
::1 - - [23/Dec/2020:17:47:24 +0100] "POST /admin/connexion.php HTTP/1.1" 200 1299
::1 - - [23/Dec/2020:17:48:03 +0100] "POST /admin/connexion.php HTTP/1.1" 200 1307
::1 - - [23/Dec/2020:17:51:50 +0100] "POST /admin/connexion.php HTTP/1.1" 200 435
::1 - - [23/Dec/2020:17:52:18 +0100] "POST /admin/connexion.php HTTP/1.1" 200 1287
::1 - - [23/Dec/2020:17:52:31 +0100] "POST /admin/connexion.php HTTP/1.1" 200 1287
::1 - - [23/Dec/2020:17:52:53 +0100] "POST /admin/connexion.php HTTP/1.1" 200 1287
::1 - - [23/Dec/2020:17:53:03 +0100] "POST /admin/connexion.php HTTP/1.1" 200 1287
::1 - - [23/Dec/2020:17:56:30 +0100] "POST /admin/connexion.php HTTP/1.1" 200 1350
::1 - - [23/Dec/2020:17:57:47 +0100] "POST /admin/connexion.php HTTP/1.1" 200 1350
::1 - - [23/Dec/2020:17:58:15 +0100] "POST /admin/connexion.php HTTP/1.1" 200 1333
::1 - - [23/Dec/2020:17:58:24 +0100] "POST /admin/connexion.php HTTP/1.1" 200 1333
::1 - - [23/Dec/2020:18:00:03 +0100] "POST /admin/connexion.php HTTP/1.1" 200 1377
::1 - - [23/Dec/2020:18:00:36 +0100] "POST /admin/connexion.php HTTP/1.1" 200 1391
::1 - - [23/Dec/2020:18:00:45 +0100] "POST /admin/connexion.php HTTP/1.1" 200 1391
::1 - - [23/Dec/2020:18:01:12 +0100] "POST /admin/connexion.php HTTP/1.1" 200 1391
::1 - - [23/Dec/2020:18:01:20 +0100] "POST /admin/connexion.php HTTP/1.1" 200 1391
::1 - - [23/Dec/2020:18:01:48 +0100] "POST /admin/connexion.php HTTP/1.1" 200 1392
::1 - - [23/Dec/2020:18:02:16 +0100] "POST /admin/connexion.php HTTP/1.1" 200 2418
::1 - - [23/Dec/2020:18:02:57 +0100] "POST /admin/connexion.php HTTP/1.1" 200 2418
::1 - - [23/Dec/2020:18:03:23 +0100] "POST /admin/connexion.php HTTP/1.1" 200 1593
::1 - - [23/Dec/2020:18:03:44 +0100] "POST /admin/connexion.php HTTP/1.1" 200 1593
::1 - - [23/Dec/2020:18:05:30 +0100] "POST /admin/connexion.php HTTP/1.1" 200 1609
::1 - - [23/Dec/2020:18:05:33 +0100] "POST /admin/connexion.php HTTP/1.1" 200 1609
::1 - - [23/Dec/2020:18:05:41 +0100] "POST /admin/connexion.php HTTP/1.1" 200 1609
::1 - - [23/Dec/2020:18:08:30 +0100] "POST /admin/connexion.php HTTP/1.1" 200 1607
::1 - - [23/Dec/2020:18:08:57 +0100] "POST /admin/connexion.php HTTP/1.1" 200 1590
::1 - - [23/Dec/2020:18:08:59 +0100] "POST /admin/connexion.php HTTP/1.1" 200 1590
::1 - - [23/Dec/2020:18:10:18 +0100] "POST /admin/connexion.php HTTP/1.1" 200 1587
::1 - - [23/Dec/2020:18:10:21 +0100] "POST /admin/connexion.php HTTP/1.1" 200 1587
::1 - - [23/Dec/2020:18:10:34 +0100] "POST /admin/connexion.php HTTP/1.1" 200 1570
::1 - - [23/Dec/2020:18:10:36 +0100] "POST /admin/connexion.php HTTP/1.1" 200 1570
::1 - - [23/Dec/2020:18:13:56 +0100] "POST /admin/connexion.php HTTP/1.1" 200 1555
::1 - - [23/Dec/2020:18:14:02 +0100] "POST /admin/connexion.php HTTP/1.1" 200 1555
::1 - - [23/Dec/2020:18:15:35 +0100] "POST /admin/connexion.php HTTP/1.1" 200 1561
::1 - - [23/Dec/2020:18:15:44 +0100] "POST /admin/connexion.php HTTP/1.1" 200 2001
::1 - - [23/Dec/2020:18:16:08 +0100] "POST /admin/connexion.php HTTP/1.1" 200 2019
::1 - - [23/Dec/2020:18:19:06 +0100] "POST /admin/connexion.php HTTP/1.1" 200 2000
::1 - - [23/Dec/2020:18:19:12 +0100] "POST /admin/connexion.php HTTP/1.1" 200 2000
::1 - - [23/Dec/2020:18:19:34 +0100] "POST /admin/connexion.php HTTP/1.1" 200 1985
::1 - - [23/Dec/2020:18:19:54 +0100] "POST /admin/connexion.php HTTP/1.1" 200 1989
::1 - - [23/Dec/2020:18:19:56 +0100] "POST /admin/connexion.php HTTP/1.1" 200 1989
::1 - - [23/Dec/2020:18:21:04 +0100] "POST /admin/connexion.php HTTP/1.1" 200 1989
::1 - - [23/Dec/2020:18:21:08 +0100] "GET /admin/connexion.php HTTP/1.1" 200 1561
::1 - - [23/Dec/2020:18:21:24 +0100] "POST /admin/connexion.php HTTP/1.1" 200 1998
::1 - - [23/Dec/2020:18:24:17 +0100] "POST /admin/connexion.php HTTP/1.1" 200 2037
::1 - - [23/Dec/2020:18:24:20 +0100] "POST /admin/connexion.php HTTP/1.1" 200 2037
::1 - - [23/Dec/2020:18:24:21 +0100] "POST /admin/connexion.php HTTP/1.1" 200 2037
::1 - - [23/Dec/2020:18:24:22 +0100] "POST /admin/connexion.php HTTP/1.1" 200 2037
::1 - - [23/Dec/2020:18:28:13 +0100] "POST /admin/connexion.php HTTP/1.1" 200 2055
::1 - - [23/Dec/2020:18:28:17 +0100] "POST /admin/connexion.php HTTP/1.1" 200 1558
::1 - - [23/Dec/2020:18:28:20 +0100] "POST /admin/connexion.php HTTP/1.1" 200 1201
::1 - - [23/Dec/2020:18:28:25 +0100] "POST /admin/connexion.php HTTP/1.1" 200 1201
::1 - - [23/Dec/2020:18:28:26 +0100] "POST /admin/connexion.php HTTP/1.1" 200 1201
::1 - - [23/Dec/2020:18:28:26 +0100] "POST /admin/connexion.php HTTP/1.1" 200 1201
::1 - - [23/Dec/2020:18:28:46 +0100] "POST /admin/connexion.php HTTP/1.1" 200 1202
::1 - - [23/Dec/2020:18:28:47 +0100] "POST /admin/connexion.php HTTP/1.1" 200 1203
::1 - - [23/Dec/2020:18:28:48 +0100] "POST /admin/connexion.php HTTP/1.1" 200 1203
::1 - - [23/Dec/2020:18:28:48 +0100] "POST /admin/connexion.php HTTP/1.1" 200 1203
::1 - - [23/Dec/2020:18:29:59 +0100] "POST /admin/connexion.php HTTP/1.1" 200 1203
::1 - - [23/Dec/2020:18:30:00 +0100] "POST /admin/connexion.php HTTP/1.1" 200 1203
::1 - - [23/Dec/2020:18:30:01 +0100] "POST /admin/connexion.php HTTP/1.1" 200 1203
::1 - - [23/Dec/2020:18:30:33 +0100] "POST /admin/connexion.php HTTP/1.1" 200 1753
::1 - - [23/Dec/2020:18:30:41 +0100] "GET /admin/connexion.php HTTP/1.1" 200 1579
::1 - - [23/Dec/2020:18:36:43 +0100] "GET /admin/connexion.php HTTP/1.1" 200 1378
::1 - - [23/Dec/2020:18:36:48 +0100] "GET /index.php HTTP/1.1" 200 3789
::1 - - [23/Dec/2020:18:36:48 +0100] "GET /style.css HTTP/1.1" 304 -
::1 - - [23/Dec/2020:18:36:48 +0100] "GET /images/1_generales/logo_brains.png HTTP/1.1" 404 332
::1 - - [23/Dec/2020:18:36:48 +0100] "GET /style_petitecran.css HTTP/1.1" 404 318
::1 - - [23/Dec/2020:18:36:58 +0100] "GET /admin/connexion.php HTTP/1.1" 200 1378
::1 - - [23/Dec/2020:20:21:07 +0100] "POST /admin/connexion.php HTTP/1.1" 200 1514
::1 - - [23/Dec/2020:20:21:12 +0100] "POST /admin/connexion.php HTTP/1.1" 200 1507
::1 - - [23/Dec/2020:20:21:28 +0100] "POST /admin/connexion.php HTTP/1.1" 200 1503
::1 - - [23/Dec/2020:20:21:33 +0100] "POST /admin/connexion.php HTTP/1.1" 200 1510
::1 - - [23/Dec/2020:20:21:37 +0100] "POST /admin/connexion.php HTTP/1.1" 200 1516
::1 - - [23/Dec/2020:20:21:38 +0100] "POST /admin/connexion.php HTTP/1.1" 200 1516
::1 - - [23/Dec/2020:20:21:44 +0100] "GET /index.php HTTP/1.1" 200 3789
::1 - - [23/Dec/2020:20:21:44 +0100] "GET /style.css HTTP/1.1" 304 -
::1 - - [23/Dec/2020:20:21:44 +0100] "GET /images/1_generales/logo_brains.png HTTP/1.1" 404 332
::1 - - [23/Dec/2020:20:21:44 +0100] "GET /style_petitecran.css HTTP/1.1" 404 318
::1 - - [23/Dec/2020:20:21:51 +0100] "GET /admin/connexion.php HTTP/1.1" 200 1378
::1 - - [23/Dec/2020:20:22:19 +0100] "POST /admin/connexion.php HTTP/1.1" 200 1491
::1 - - [23/Dec/2020:20:54:02 +0100] "POST /admin/connexion.php HTTP/1.1" 200 1015
::1 - - [23/Dec/2020:20:56:47 +0100] "GET /index.php HTTP/1.1" 200 3789
::1 - - [23/Dec/2020:20:56:47 +0100] "GET /style_petitecran.css HTTP/1.1" 404 318
::1 - - [23/Dec/2020:20:56:47 +0100] "GET /images/1_generales/logo_brains.png HTTP/1.1" 404 332
::1 - - [23/Dec/2020:20:56:52 +0100] "POST /admin/connexion.php HTTP/1.1" 200 1015
::1 - - [23/Dec/2020:20:56:58 +0100] "POST /admin/connexion.php HTTP/1.1" 200 1472
::1 - - [29/Dec/2020:15:03:46 +0100] "GET / HTTP/1.1" 403 309
::1 - - [29/Dec/2020:15:03:47 +0100] "GET /favicon.ico HTTP/1.1" 404 309
::1 - - [29/Dec/2020:15:03:51 +0100] "GET / HTTP/1.1" 403 309
::1 - - [29/Dec/2020:15:04:05 +0100] "GET /index.php HTTP/1.1" 404 307
::1 - - [29/Dec/2020:15:04:39 +0100] "GET /index.php HTTP/1.1" 200 3809
::1 - - [29/Dec/2020:15:04:40 +0100] "GET /style.css HTTP/1.1" 200 1716
::1 - - [29/Dec/2020:15:04:40 +0100] "GET /images/1_generales/logo_brains.png HTTP/1.1" 404 332
::1 - - [29/Dec/2020:15:04:40 +0100] "GET /style_petitecran.css HTTP/1.1" 404 318
::1 - - [29/Dec/2020:15:04:41 +0100] "GET /images/1_generales/logo_brains.ico HTTP/1.1" 404 332
::1 - - [29/Dec/2020:15:04:46 +0100] "GET /admin/connexion.php HTTP/1.1" 200 1390
::1 - - [29/Dec/2020:15:05:06 +0100] "GET /admin/envenement HTTP/1.1" 404 314
::1 - - [29/Dec/2020:15:05:11 +0100] "GET /admin/envenement.php HTTP/1.1" 404 318
::1 - - [29/Dec/2020:15:05:26 +0100] "GET /admin/evenement.php HTTP/1.1" 302 407
::1 - - [29/Dec/2020:15:05:27 +0100] "GET /admin/%3Cital%3E../index.php%3C/ital%3E HTTP/1.1" 403 352
::1 - - [29/Dec/2020:15:06:42 +0100] "GET /admin/%3Cital%3E../index.php%3C/ital%3E HTTP/1.1" 403 352
::1 - - [29/Dec/2020:15:06:55 +0100] "GET /admin/%3Cital%3E../index.php%3C/ital%3E HTTP/1.1" 403 352
::1 - - [29/Dec/2020:15:06:57 +0100] "GET /admin/%3Cital%3E../index.php%3C/ital%3E HTTP/1.1" 403 352
::1 - - [29/Dec/2020:15:07:05 +0100] "GET /admin/%3Cital%3E../index.php%3C/ital%3E HTTP/1.1" 403 352
::1 - - [29/Dec/2020:15:07:20 +0100] "GET /admin/%3Cital%3E../index.php%3C/ital%3E HTTP/1.1" 403 352
::1 - - [29/Dec/2020:15:07:32 +0100] "GET /index.php HTTP/1.1" 200 3809
::1 - - [29/Dec/2020:15:07:32 +0100] "GET /style.css HTTP/1.1" 304 -
::1 - - [29/Dec/2020:15:07:32 +0100] "GET /images/1_generales/logo_brains.png HTTP/1.1" 404 332
::1 - - [29/Dec/2020:15:07:32 +0100] "GET /style_petitecran.css HTTP/1.1" 404 318
::1 - - [29/Dec/2020:15:07:48 +0100] "GET /admin/evenement.php HTTP/1.1" 302 407
::1 - - [29/Dec/2020:15:07:48 +0100] "GET /index.php HTTP/1.1" 200 3809
::1 - - [29/Dec/2020:15:07:48 +0100] "GET /images/1_generales/logo_brains.png HTTP/1.1" 404 332
::1 - - [29/Dec/2020:15:07:48 +0100] "GET /style_petitecran.css HTTP/1.1" 404 318
::1 - - [29/Dec/2020:15:09:49 +0100] "GET /index.php HTTP/1.1" 200 3809
::1 - - [29/Dec/2020:15:09:49 +0100] "GET /style.css HTTP/1.1" 304 -
::1 - - [29/Dec/2020:15:09:49 +0100] "GET /images/1_generales/logo_brains.png HTTP/1.1" 404 332
::1 - - [29/Dec/2020:15:09:49 +0100] "GET /style_petitecran.css HTTP/1.1" 404 318
::1 - - [29/Dec/2020:15:10:03 +0100] "GET /evenement.php HTTP/1.1" 404 311
::1 - - [29/Dec/2020:15:11:54 +0100] "GET /evenement.php HTTP/1.1" 404 311
::1 - - [29/Dec/2020:15:12:09 +0100] "GET /admin/evenement.php HTTP/1.1" 302 553
::1 - - [29/Dec/2020:15:12:09 +0100] "GET /index.php HTTP/1.1" 200 3809
::1 - - [29/Dec/2020:15:12:09 +0100] "GET /images/1_generales/logo_brains.png HTTP/1.1" 404 332
::1 - - [29/Dec/2020:15:12:09 +0100] "GET /style_petitecran.css HTTP/1.1" 404 318
::1 - - [29/Dec/2020:15:12:18 +0100] "GET /connection.php HTTP/1.1" 404 312
::1 - - [29/Dec/2020:15:12:25 +0100] "GET /admin/connection.php HTTP/1.1" 404 318
::1 - - [29/Dec/2020:15:12:31 +0100] "GET /admin/connexion.php HTTP/1.1" 200 1384
::1 - - [29/Dec/2020:15:12:41 +0100] "POST /pages/admin/connexion.php HTTP/1.1" 404 323
::1 - - [29/Dec/2020:15:16:49 +0100] "GET /admin/connexion.php HTTP/1.1" 200 1378
::1 - - [29/Dec/2020:15:17:01 +0100] "POST /admin/connexion.php HTTP/1.1" 200 1015
::1 - - [29/Dec/2020:15:17:16 +0100] "GET /admin/evenement.php HTTP/1.1" 200 547
::1 - - [29/Dec/2020:15:41:47 +0100] "GET /admin/evenement.php HTTP/1.1" 200 2276
::1 - - [29/Dec/2020:15:42:18 +0100] "GET /admin/evenement.php HTTP/1.1" 200 1237
::1 - - [29/Dec/2020:16:02:31 +0100] "GET /admin/evenement.php HTTP/1.1" 200 1354
::1 - - [29/Dec/2020:16:02:43 +0100] "GET /admin/evenement.php HTTP/1.1" 200 1358
::1 - - [29/Dec/2020:16:03:03 +0100] "GET /admin/evenement.php HTTP/1.1" 200 1357
::1 - - [29/Dec/2020:16:03:11 +0100] "GET /admin/evenement.php?titre=test&texte=&new=1 HTTP/1.1" 200 1869
::1 - - [29/Dec/2020:16:03:29 +0100] "GET /admin/evenement.php?titre=aze&texte=&new=1 HTTP/1.1" 200 1889
::1 - - [29/Dec/2020:16:05:59 +0100] "GET /admin/evenement.php?titre=aze&texte=&new=1 HTTP/1.1" 200 1875
::1 - - [29/Dec/2020:16:06:13 +0100] "GET /admin/evenement.php?titre=test&texte=&new=1 HTTP/1.1" 200 1876
::1 - - [29/Dec/2020:16:06:28 +0100] "GET /admin/evenement.php?titre=ae&texte=&new=1 HTTP/1.1" 200 1881
::1 - - [29/Dec/2020:16:06:30 +0100] "GET /admin/evenement.php?titre=aze&texte=&new=1 HTTP/1.1" 200 1882
::1 - - [29/Dec/2020:16:06:34 +0100] "GET /admin/evenement.php?titre=aze&texte=&new=1 HTTP/1.1" 200 1882
::1 - - [29/Dec/2020:16:07:22 +0100] "GET /admin/evenement.php?titre=a&texte=&new=1 HTTP/1.1" 200 1880
::1 - - [29/Dec/2020:16:07:25 +0100] "GET /admin/evenement.php?titre=a&texte=&new=1 HTTP/1.1" 200 1880
::1 - - [29/Dec/2020:16:07:56 +0100] "GET /admin/evenement.php?titre=a&texte=&new=1 HTTP/1.1" 200 1882
::1 - - [29/Dec/2020:16:07:59 +0100] "GET /admin/evenement.php?titre=a&texte=&new=1 HTTP/1.1" 200 1882
::1 - - [29/Dec/2020:16:08:22 +0100] "GET /admin/evenement.php?titre=a&texte=&new=1 HTTP/1.1" 200 1883
::1 - - [29/Dec/2020:16:08:24 +0100] "GET /admin/evenement.php?titre=a&texte=&new=1 HTTP/1.1" 200 1883
::1 - - [29/Dec/2020:16:08:35 +0100] "GET /admin/evenement.php?titre=a&texte=&new=1 HTTP/1.1" 200 1885
::1 - - [29/Dec/2020:16:08:38 +0100] "GET /admin/evenement.php?titre=1&texte=&new=1 HTTP/1.1" 200 1885
::1 - - [29/Dec/2020:16:09:07 +0100] "GET /admin/evenement.php?titre=a&texte=&new=1 HTTP/1.1" 200 1922
::1 - - [29/Dec/2020:16:12:03 +0100] "GET /admin/evenement.php?titre=a&texte=&new=1 HTTP/1.1" 200 1909
::1 - - [29/Dec/2020:16:12:07 +0100] "GET /admin/evenement.php?titre=a&texte=&new=1 HTTP/1.1" 200 1909
::1 - - [29/Dec/2020:16:12:37 +0100] "GET /admin/evenement.php?titre=e&texte=&new=1 HTTP/1.1" 200 1900
::1 - - [29/Dec/2020:16:12:42 +0100] "GET /admin/evenement.php?titre=e&texte=&new=1 HTTP/1.1" 200 1900
::1 - - [29/Dec/2020:16:13:54 +0100] "GET /admin/evenement.php?titre=a&texte=&new=1 HTTP/1.1" 200 1909
::1 - - [29/Dec/2020:16:13:58 +0100] "GET /admin/evenement.php?titre=z&texte=&new=1 HTTP/1.1" 200 1909
::1 - - [29/Dec/2020:16:14:24 +0100] "GET /admin/evenement.php?titre=z&texte=&new=1 HTTP/1.1" 200 1905
::1 - - [29/Dec/2020:16:15:49 +0100] "GET /admin/evenement.php?titre=z&texte=&new=1 HTTP/1.1" 200 1909
::1 - - [29/Dec/2020:16:16:34 +0100] "GET /admin/evenement.php?titre=z&texte=&new=1 HTTP/1.1" 200 1944
::1 - - [29/Dec/2020:16:18:41 +0100] "GET /admin/evenement.php?titre=z&texte=&new=1 HTTP/1.1" 200 1619
::1 - - [29/Dec/2020:16:19:08 +0100] "GET /admin/evenement.php?titre=z&texte=&new=1 HTTP/1.1" 200 1615
::1 - - [29/Dec/2020:16:20:29 +0100] "GET /admin/evenement.php?titre=z&texte=&new=1 HTTP/1.1" 200 1638
::1 - - [29/Dec/2020:16:20:33 +0100] "GET /admin/evenement.php?titre=aze&texte=aze%0D%0A++++&texte=&new=1 HTTP/1.1" 200 1640
::1 - - [29/Dec/2020:16:44:58 +0100] "GET /admin/evenement.php?titre=aze&texte=aze%0D%0A++++&texte=&new=1 HTTP/1.1" 200 1909
::1 - - [29/Dec/2020:16:45:26 +0100] "GET /admin/evenement.php?titre=aze&content=%3Cp%3EThis+is+some+sample+content.%3C%2Fp%3E&texte=&new=1 HTTP/1.1" 200 2076
::1 - - [29/Dec/2020:16:49:01 +0100] "GET /admin/evenement.php?titre=test&content=%3Ch2%3E%3Ca+href%3D%22google.fr%22%3Etest%3C%2Fa%3E%3C%2Fh2%3E%3Cp%3E%26nbsp%3B%3C%2Fp%3E%3Cp%3Ebonjour+%3Cstrong%3Ecomment+%3C%2Fstrong%3E%3Ci%3Eca%3C%2Fi%3E+vas%3C%2Fp%3E&texte=&new=1 HTTP/1.1" 200 2108
::1 - - [29/Dec/2020:16:52:36 +0100] "GET /admin/evenement.php?titre=test&content=%3Ch2%3E%3Ca+href%3D%22google.fr%22%3Etest%3C%2Fa%3E%3C%2Fh2%3E%3Cp%3E%26nbsp%3B%3C%2Fp%3E%3Cp%3Ebonjour+%3Cstrong%3Ecomment+%3C%2Fstrong%3E%3Ci%3Eca%3C%2Fi%3E+vas%3C%2Fp%3E&texte=&new=1 HTTP/1.1" 200 2116
::1 - - [29/Dec/2020:16:52:49 +0100] "GET /admin/evenement.php?titre=test&content=%3Ch2%3E%3Ca+href%3D%22google.fr%22%3Etest%3C%2Fa%3E%3C%2Fh2%3E%3Cp%3E%26nbsp%3B%3C%2Fp%3E%3Cp%3Ebonjour+%3Cstrong%3Ecomment+%3C%2Fstrong%3E%3Ci%3Eca%3C%2Fi%3E+vas%3C%2Fp%3E&texte=&new=1 HTTP/1.1" 200 2122
::1 - - [29/Dec/2020:17:00:30 +0100] "GET /admin/connexion.php HTTP/1.1" 200 922
::1 - - [29/Dec/2020:17:00:31 +0100] "POST /admin/connexion.php HTTP/1.1" 200 1533
::1 - - [29/Dec/2020:17:01:15 +0100] "POST /admin/connexion.php HTTP/1.1" 200 1579
::1 - - [29/Dec/2020:17:01:31 +0100] "GET /admin/connexion.php HTTP/1.1" 200 1439
::1 - - [29/Dec/2020:17:02:33 +0100] "GET /admin/evenement.php?titre=test&content=%3Ch2%3E%3Ca+href%3D%22google.fr%22%3Etest%3C%2Fa%3E%3C%2Fh2%3E%3Cp%3E%26nbsp%3B%3C%2Fp%3E%3Cp%3Ebonjour+%3Cstrong%3Ecomment+%3C%2Fstrong%3E%3Ci%3Eca%3C%2Fi%3E+vas%3C%2Fp%3E&texte=&new=1 HTTP/1.1" 302 1959
::1 - - [29/Dec/2020:17:02:33 +0100] "GET /index.php HTTP/1.1" 200 3785
::1 - - [29/Dec/2020:17:02:34 +0100] "GET /style.css HTTP/1.1" 304 -
::1 - - [29/Dec/2020:17:02:34 +0100] "GET /style_petitecran.css HTTP/1.1" 404 318
::1 - - [29/Dec/2020:17:02:34 +0100] "GET /images/1_generales/logo_brains.png HTTP/1.1" 200 27883
::1 - - [29/Dec/2020:17:02:36 +0100] "GET /admin/connexion.php HTTP/1.1" 200 1395
::1 - - [29/Dec/2020:17:02:40 +0100] "GET /admin/connexion.php HTTP/1.1" 200 1395
::1 - - [29/Dec/2020:17:02:41 +0100] "GET /admin/connexion.php HTTP/1.1" 200 1395
::1 - - [29/Dec/2020:17:02:42 +0100] "GET /admin/connexion.php HTTP/1.1" 200 1395
::1 - - [29/Dec/2020:17:02:42 +0100] "GET /admin/connexion.php HTTP/1.1" 200 1395
::1 - - [29/Dec/2020:17:02:42 +0100] "GET /admin/connexion.php HTTP/1.1" 200 1395
::1 - - [29/Dec/2020:17:02:43 +0100] "GET /admin/connexion.php HTTP/1.1" 200 1395
::1 - - [29/Dec/2020:17:02:43 +0100] "GET /admin/connexion.php HTTP/1.1" 200 1395
::1 - - [29/Dec/2020:17:02:44 +0100] "GET /admin/connexion.php HTTP/1.1" 200 1395
::1 - - [29/Dec/2020:17:02:45 +0100] "GET /admin/connexion.php HTTP/1.1" 200 1395
::1 - - [29/Dec/2020:17:02:45 +0100] "GET /admin/connexion.php HTTP/1.1" 200 1395
::1 - - [29/Dec/2020:17:02:46 +0100] "GET /admin/connexion.php HTTP/1.1" 200 1395
::1 - - [29/Dec/2020:17:04:34 +0100] "GET /images/1_generales/logo_brains.png HTTP/1.1" 200 27883
::1 - - [29/Dec/2020:17:04:42 +0100] "POST /admin/connexion.php HTTP/1.1" 200 1015
::1 - - [29/Dec/2020:17:04:49 +0100] "GET /admin/connexion.php HTTP/1.1" 200 922
::1 - - [29/Dec/2020:17:04:56 +0100] "GET /admin/evenement.php HTTP/1.1" 200 1137
::1 - - [30/Dec/2020:14:15:19 +0100] "GET / HTTP/1.1" 200 3785
::1 - - [30/Dec/2020:14:15:19 +0100] "GET /images/1_generales/logo_brains.png HTTP/1.1" 304 -
::1 - - [30/Dec/2020:14:15:19 +0100] "GET /style.css HTTP/1.1" 304 -
::1 - - [30/Dec/2020:14:15:19 +0100] "GET /style_petitecran.css HTTP/1.1" 404 318
::1 - - [30/Dec/2020:14:15:20 +0100] "GET /images/1_generales/logo_brains.ico HTTP/1.1" 404 332
::1 - - [30/Dec/2020:14:15:20 +0100] "GET /images/1_generales/logo_brains.png HTTP/1.1" 200 27883
::1 - - [30/Dec/2020:14:15:29 +0100] "GET /admin/connexion.php HTTP/1.1" 200 922
::1 - - [30/Dec/2020:14:15:30 +0100] "GET /favicon.ico HTTP/1.1" 404 309
::1 - - [30/Dec/2020:14:15:36 +0100] "GET /index.php HTTP/1.1" 200 3785
::1 - - [30/Dec/2020:14:15:36 +0100] "GET /style_petitecran.css HTTP/1.1" 404 318
::1 - - [30/Dec/2020:14:15:41 +0100] "GET /admin/evenement.php HTTP/1.1" 200 1137
::1 - - [30/Dec/2020:14:17:43 +0100] "GET /admin/evenement.php HTTP/1.1" 200 1204
::1 - - [30/Dec/2020:14:18:05 +0100] "GET /admin/evenement.php HTTP/1.1" 200 1190
::1 - - [30/Dec/2020:14:20:12 +0100] "GET /admin/evenement.php HTTP/1.1" 200 1371
::1 - - [30/Dec/2020:14:21:11 +0100] "GET /admin/evenement.php?titre=aze&content=&new=1 HTTP/1.1" 200 1884
::1 - - [30/Dec/2020:14:21:45 +0100] "GET /admin/evenement.php?titre=a&content=%3Cp%3Ez%3C%2Fp%3E&new=1 HTTP/1.1" 200 1915
::1 - - [30/Dec/2020:14:22:28 +0100] "GET /admin/evenement.php?titre=a&content=%3Cp%3Ez%3C%2Fp%3E&new=1 HTTP/1.1" 200 1385
::1 - - [30/Dec/2020:14:22:34 +0100] "POST /admin/evenement.php HTTP/1.1" 200 2051
::1 - - [30/Dec/2020:14:38:46 +0100] "POST /admin/evenement.php HTTP/1.1" 200 2322
::1 - - [30/Dec/2020:14:39:35 +0100] "POST /admin/evenement.php HTTP/1.1" 200 2451
::1 - - [30/Dec/2020:14:40:04 +0100] "POST /admin/evenement.php HTTP/1.1" 200 2481
::1 - - [30/Dec/2020:14:40:12 +0100] "POST /admin/evenement.php HTTP/1.1" 200 2962
::1 - - [30/Dec/2020:14:41:10 +0100] "POST /admin/evenement.php HTTP/1.1" 200 2978
::1 - - [30/Dec/2020:14:42:47 +0100] "POST /admin/evenement.php HTTP/1.1" 200 2982
::1 - - [30/Dec/2020:14:42:53 +0100] "POST /admin/evenement.php HTTP/1.1" 200 3028
::1 - - [30/Dec/2020:14:51:26 +0100] "POST /admin/evenement.php HTTP/1.1" 200 3201
::1 - - [30/Dec/2020:14:53:20 +0100] "POST /admin/evenement.php HTTP/1.1" 200 3366
::1 - - [30/Dec/2020:14:57:50 +0100] "POST /admin/evenement.php HTTP/1.1" 200 3240
::1 - - [30/Dec/2020:14:59:35 +0100] "POST /admin/evenement.php HTTP/1.1" 200 3498
::1 - - [30/Dec/2020:15:03:58 +0100] "POST /admin/evenement.php HTTP/1.1" 200 3596
::1 - - [30/Dec/2020:15:03:58 +0100] "GET /admin/bootstrap-datepicker.min.css HTTP/1.1" 200 15731
::1 - - [30/Dec/2020:15:04:28 +0100] "POST /admin/evenement.php HTTP/1.1" 200 3597
::1 - - [30/Dec/2020:15:06:04 +0100] "POST /admin/evenement.php HTTP/1.1" 200 3597
::1 - - [30/Dec/2020:15:07:04 +0100] "POST /admin/evenement.php HTTP/1.1" 200 3545
::1 - - [30/Dec/2020:15:24:22 +0100] "GET /admin/evenement.php?titre=a&texte=&new=1 HTTP/1.1" 200 2005
::1 - - [30/Dec/2020:15:24:28 +0100] "GET /admin/evenement.php HTTP/1.1" 200 2005
::1 - - [30/Dec/2020:15:27:07 +0100] "GET /admin/evenement.php HTTP/1.1" 200 2005
::1 - - [30/Dec/2020:15:27:51 +0100] "GET /admin/evenement.php HTTP/1.1" 200 2215
::1 - - [30/Dec/2020:15:28:31 +0100] "GET /admin/evenement.php HTTP/1.1" 200 2204
::1 - - [30/Dec/2020:15:30:38 +0100] "GET /admin/evenement.php HTTP/1.1" 200 2404
::1 - - [30/Dec/2020:15:31:18 +0100] "GET /admin/evenement.php HTTP/1.1" 200 2410
::1 - - [30/Dec/2020:15:31:57 +0100] "GET /admin/evenement.php HTTP/1.1" 200 2395
::1 - - [30/Dec/2020:15:33:21 +0100] "POST /admin/evenement.php HTTP/1.1" 200 4187
::1 - - [30/Dec/2020:15:35:57 +0100] "POST /admin/evenement.php HTTP/1.1" 200 4218
::1 - - [30/Dec/2020:16:21:52 +0100] "POST /admin/evenement.php HTTP/1.1" 200 5717
::1 - - [30/Dec/2020:16:25:24 +0100] "GET /admin/evenement.php HTTP/1.1" 200 2418
::1 - - [30/Dec/2020:16:25:56 +0100] "GET /admin/connexion.php HTTP/1.1" 200 922
::1 - - [30/Dec/2020:16:25:57 +0100] "POST /admin/connexion.php HTTP/1.1" 200 1489
::1 - - [30/Dec/2020:16:28:59 +0100] "GET /admin/connexion.php HTTP/1.1" 200 1395
::1 - - [30/Dec/2020:16:29:13 +0100] "POST /admin/connexion.php HTTP/1.1" 200 1529
::1 - - [30/Dec/2020:16:29:21 +0100] "POST /admin/connexion.php HTTP/1.1" 200 1517
::1 - - [30/Dec/2020:16:29:33 +0100] "POST /admin/connexion.php HTTP/1.1" 200 1015
::1 - - [30/Dec/2020:16:29:43 +0100] "GET /admin/evenement.php HTTP/1.1" 200 2418
::1 - - [30/Dec/2020:16:31:35 +0100] "POST /admin/evenement.php HTTP/1.1" 200 5892
::1 - - [30/Dec/2020:16:34:00 +0100] "GET / HTTP/1.1" 200 3785
::1 - - [30/Dec/2020:16:34:00 +0100] "GET /style_petitecran.css HTTP/1.1" 404 318
::1 - - [30/Dec/2020:16:34:06 +0100] "GET /article HTTP/1.1" 404 305
::1 - - [30/Dec/2020:16:34:10 +0100] "GET /articles.php HTTP/1.1" 200 406
::1 - - [30/Dec/2020:16:34:56 +0100] "GET / HTTP/1.1" 200 3785
::1 - - [30/Dec/2020:16:34:57 +0100] "GET /style_petitecran.css HTTP/1.1" 404 318
::1 - - [30/Dec/2020:16:36:36 +0100] "GET /articles.php HTTP/1.1" 200 406
::1 - - [30/Dec/2020:16:37:51 +0100] "GET /articles.php HTTP/1.1" 200 406
::1 - - [30/Dec/2020:16:38:06 +0100] "GET /articles.php HTTP/1.1" 200 406
::1 - - [30/Dec/2020:16:41:44 +0100] "GET /articles.php HTTP/1.1" 200 406
::1 - - [30/Dec/2020:16:43:48 +0100] "GET /articles.php HTTP/1.1" 200 414
::1 - - [30/Dec/2020:16:44:18 +0100] "GET /articles.php HTTP/1.1" 200 414
::1 - - [30/Dec/2020:16:45:20 +0100] "GET /articles.php HTTP/1.1" 200 414
::1 - - [30/Dec/2020:16:45:22 +0100] "GET /articles.php HTTP/1.1" 200 414
::1 - - [30/Dec/2020:16:45:36 +0100] "GET /articles.php HTTP/1.1" 200 414
::1 - - [30/Dec/2020:17:16:33 +0100] "GET /articles.php HTTP/1.1" 200 414
::1 - - [30/Dec/2020:17:16:42 +0100] "GET /admin/connexion.php HTTP/1.1" 200 922
::1 - - [30/Dec/2020:17:16:50 +0100] "GET /admin/evenement.php HTTP/1.1" 200 2418
::1 - - [30/Dec/2020:17:18:29 +0100] "POST /admin/evenement.php HTTP/1.1" 200 5713
::1 - - [30/Dec/2020:17:26:00 +0100] "POST /admin/evenement.php HTTP/1.1" 200 5731
::1 - - [30/Dec/2020:17:27:55 +0100] "POST /admin/evenement.php HTTP/1.1" 200 4289
::1 - - [30/Dec/2020:17:28:06 +0100] "POST /admin/evenement.php HTTP/1.1" 200 4281
::1 - - [30/Dec/2020:17:30:47 +0100] "POST /admin/evenement.php HTTP/1.1" 200 4288
::1 - - [30/Dec/2020:17:31:15 +0100] "POST /admin/evenement.php HTTP/1.1" 200 4279
::1 - - [30/Dec/2020:17:32:08 +0100] "POST /admin/evenement.php HTTP/1.1" 200 4271
::1 - - [30/Dec/2020:17:32:18 +0100] "POST /admin/evenement.php HTTP/1.1" 200 4313
::1 - - [30/Dec/2020:17:33:44 +0100] "POST /admin/evenement.php HTTP/1.1" 200 4313
::1 - - [30/Dec/2020:17:33:53 +0100] "POST /admin/evenement.php HTTP/1.1" 200 4313
::1 - - [30/Dec/2020:17:44:22 +0100] "GET /admin/evenement.php HTTP/1.1" 200 2452
::1 - - [30/Dec/2020:17:45:02 +0100] "POST /admin/evenement.php HTTP/1.1" 200 4464
::1 - - [31/Dec/2020:10:37:02 +0100] "GET / HTTP/1.1" 200 3785
::1 - - [31/Dec/2020:10:37:02 +0100] "GET /style.css HTTP/1.1" 304 -
::1 - - [31/Dec/2020:10:37:02 +0100] "GET /style_petitecran.css HTTP/1.1" 404 318
::1 - - [31/Dec/2020:10:37:02 +0100] "GET /images/1_generales/logo_brains.png HTTP/1.1" 304 -
::1 - - [31/Dec/2020:10:37:03 +0100] "GET /images/1_generales/logo_brains.ico HTTP/1.1" 404 332
::1 - - [31/Dec/2020:10:37:05 +0100] "GET /images/1_generales/logo_brains.png HTTP/1.1" 200 27883
::1 - - [31/Dec/2020:10:37:20 +0100] "GET /admin/evenement.php HTTP/1.1" 200 2452
::1 - - [31/Dec/2020:10:37:21 +0100] "GET /favicon.ico HTTP/1.1" 404 309
::1 - - [31/Dec/2020:10:37:37 +0100] "POST /admin/evenement.php HTTP/1.1" 200 4464
::1 - - [31/Dec/2020:10:44:12 +0100] "POST /admin/evenement.php HTTP/1.1" 200 4461
::1 - - [31/Dec/2020:10:44:18 +0100] "POST /admin/evenement.php HTTP/1.1" 200 4478
::1 - - [31/Dec/2020:10:44:45 +0100] "POST /admin/evenement.php HTTP/1.1" 200 4451
::1 - - [31/Dec/2020:10:45:07 +0100] "POST /admin/evenement.php HTTP/1.1" 200 4495
::1 - - [31/Dec/2020:10:45:57 +0100] "POST /admin/evenement.php HTTP/1.1" 200 4493
::1 - - [31/Dec/2020:10:46:00 +0100] "POST /admin/evenement.php HTTP/1.1" 200 4485
::1 - - [31/Dec/2020:10:46:58 +0100] "POST /admin/evenement.php HTTP/1.1" 200 4492
::1 - - [31/Dec/2020:10:47:39 +0100] "POST /admin/evenement.php HTTP/1.1" 200 4491
::1 - - [31/Dec/2020:10:48:41 +0100] "POST /admin/evenement.php HTTP/1.1" 200 4489
::1 - - [31/Dec/2020:10:49:19 +0100] "POST /admin/evenement.php HTTP/1.1" 200 4386
::1 - - [31/Dec/2020:11:27:39 +0100] "GET /admin/evenement.php?id=1 HTTP/1.1" 200 413
::1 - - [31/Dec/2020:11:28:04 +0100] "GET /admin/evenement.php?id=1 HTTP/1.1" 200 3927
::1 - - [31/Dec/2020:11:28:32 +0100] "GET /admin/evenement.php?id=1 HTTP/1.1" 200 3927
::1 - - [31/Dec/2020:11:30:06 +0100] "GET /admin/evenement.php?id=1 HTTP/1.1" 200 2511
::1 - - [31/Dec/2020:11:30:21 +0100] "GET /admin/evenement.php?id=2 HTTP/1.1" 200 2530
::1 - - [31/Dec/2020:11:30:26 +0100] "GET /admin/evenement.php?id=1 HTTP/1.1" 200 2511
::1 - - [31/Dec/2020:11:30:50 +0100] "GET /admin/evenement.php?id=1 HTTP/1.1" 200 2511
::1 - - [31/Dec/2020:11:31:38 +0100] "GET /admin/evenement.php?id=1 HTTP/1.1" 200 4065
::1 - - [31/Dec/2020:11:32:25 +0100] "GET /admin/evenement.php?id=1 HTTP/1.1" 200 434
::1 - - [31/Dec/2020:11:32:31 +0100] "GET /admin/evenement.php?id=1 HTTP/1.1" 200 4276
::1 - - [31/Dec/2020:11:33:55 +0100] "GET /admin/evenement.php?id=1 HTTP/1.1" 200 4276
::1 - - [31/Dec/2020:11:34:28 +0100] "GET /admin/evenement.php?id=1 HTTP/1.1" 200 413
::1 - - [31/Dec/2020:11:34:33 +0100] "GET /admin/evenement.php?id=1 HTTP/1.1" 200 2712
::1 - - [31/Dec/2020:11:34:50 +0100] "GET /admin/evenement.php?id=1 HTTP/1.1" 200 2713
::1 - - [31/Dec/2020:11:35:06 +0100] "POST /admin/evenement.php HTTP/1.1" 200 4077
::1 - - [31/Dec/2020:11:37:42 +0100] "POST /admin/evenement.php HTTP/1.1" 200 4077
::1 - - [31/Dec/2020:11:38:12 +0100] "POST /admin/evenement.php HTTP/1.1" 200 2571
::1 - - [31/Dec/2020:11:38:27 +0100] "POST /admin/evenement.php HTTP/1.1" 200 2571
::1 - - [31/Dec/2020:11:38:36 +0100] "GET /admin/evenement.php?id=1 HTTP/1.1" 200 2713
::1 - - [31/Dec/2020:11:38:50 +0100] "POST /admin/evenement.php HTTP/1.1" 200 2554
::1 - - [31/Dec/2020:11:39:34 +0100] "POST /admin/evenement.php HTTP/1.1" 200 2560
::1 - - [31/Dec/2020:11:39:59 +0100] "POST /admin/evenement.php HTTP/1.1" 200 2564
::1 - - [31/Dec/2020:11:40:36 +0100] "POST /admin/evenement.php HTTP/1.1" 200 2766
::1 - - [31/Dec/2020:11:40:58 +0100] "POST /admin/evenement.php HTTP/1.1" 200 3504
::1 - - [31/Dec/2020:11:48:55 +0100] "POST /admin/evenement.php HTTP/1.1" 200 3690
::1 - - [31/Dec/2020:11:49:45 +0100] "POST /admin/evenement.php HTTP/1.1" 200 5187
::1 - - [31/Dec/2020:11:50:02 +0100] "POST /admin/evenement.php HTTP/1.1" 200 3690
::1 - - [31/Dec/2020:11:55:50 +0100] "POST /admin/evenement.php HTTP/1.1" 200 2560
::1 - - [31/Dec/2020:11:56:22 +0100] "POST /admin/evenement.php HTTP/1.1" 200 3268
::1 - - [31/Dec/2020:12:00:05 +0100] "POST /admin/evenement.php HTTP/1.1" 200 2560
::1 - - [31/Dec/2020:12:02:01 +0100] "POST /admin/evenement.php HTTP/1.1" 200 2560
::1 - - [31/Dec/2020:12:02:03 +0100] "POST /admin/evenement.php HTTP/1.1" 200 2560
::1 - - [31/Dec/2020:12:02:25 +0100] "POST /admin/evenement.php HTTP/1.1" 200 2564
::1 - - [31/Dec/2020:12:02:38 +0100] "POST /admin/evenement.php HTTP/1.1" 200 2751
::1 - - [31/Dec/2020:12:03:18 +0100] "POST /admin/evenement.php HTTP/1.1" 200 3297
::1 - - [31/Dec/2020:12:03:39 +0100] "POST /admin/evenement.php HTTP/1.1" 200 3301
::1 - - [31/Dec/2020:12:04:13 +0100] "POST /admin/evenement.php HTTP/1.1" 200 3513
::1 - - [31/Dec/2020:12:04:24 +0100] "POST /admin/evenement.php HTTP/1.1" 200 3513
::1 - - [31/Dec/2020:12:04:27 +0100] "POST /admin/evenement.php HTTP/1.1" 200 3513
::1 - - [31/Dec/2020:12:04:41 +0100] "POST /admin/evenement.php HTTP/1.1" 200 4801
::1 - - [31/Dec/2020:12:05:05 +0100] "POST /admin/evenement.php HTTP/1.1" 200 4899
::1 - - [31/Dec/2020:12:05:48 +0100] "POST /admin/evenement.php HTTP/1.1" 200 7650
::1 - - [31/Dec/2020:12:07:00 +0100] "POST /admin/evenement.php HTTP/1.1" 200 3803
::1 - - [31/Dec/2020:12:08:34 +0100] "POST /admin/evenement.php HTTP/1.1" 200 2628
::1 - - [31/Dec/2020:12:08:37 +0100] "POST /admin/evenement.php HTTP/1.1" 200 2628
::1 - - [31/Dec/2020:12:09:08 +0100] "POST /admin/evenement.php HTTP/1.1" 200 3128
::1 - - [31/Dec/2020:12:09:23 +0100] "POST /admin/evenement.php HTTP/1.1" 200 4509
::1 - - [31/Dec/2020:12:09:59 +0100] "POST /admin/evenement.php HTTP/1.1" 200 4509
::1 - - [31/Dec/2020:12:11:14 +0100] "POST /admin/evenement.php HTTP/1.1" 200 3610
::1 - - [31/Dec/2020:12:11:25 +0100] "POST /admin/evenement.php HTTP/1.1" 200 3110
::1 - - [31/Dec/2020:12:12:36 +0100] "POST /admin/evenement.php HTTP/1.1" 200 3104
::1 - - [31/Dec/2020:12:13:00 +0100] "POST /admin/evenement.php HTTP/1.1" 200 4481
::1 - - [31/Dec/2020:12:13:26 +0100] "POST /admin/evenement.php HTTP/1.1" 200 3110
::1 - - [31/Dec/2020:12:16:45 +0100] "POST /admin/evenement.php HTTP/1.1" 200 3104
::1 - - [31/Dec/2020:12:20:07 +0100] "POST /admin/evenement.php HTTP/1.1" 200 3104
::1 - - [31/Dec/2020:12:21:37 +0100] "POST /admin/evenement.php HTTP/1.1" 200 3085
::1 - - [31/Dec/2020:12:23:05 +0100] "POST /admin/evenement.php HTTP/1.1" 200 2975
::1 - - [31/Dec/2020:12:24:38 +0100] "GET /admin/evenement.php HTTP/1.1" 200 2451
::1 - - [31/Dec/2020:12:25:02 +0100] "POST /admin/evenement.php HTTP/1.1" 200 4084
::1 - - [31/Dec/2020:12:25:26 +0100] "POST /admin/evenement.php HTTP/1.1" 200 2660
::1 - - [31/Dec/2020:12:25:37 +0100] "POST /admin/evenement.php HTTP/1.1" 200 2660
::1 - - [31/Dec/2020:12:25:55 +0100] "GET /admin/evenement.php HTTP/1.1" 200 2451
::1 - - [31/Dec/2020:12:26:02 +0100] "POST /admin/evenement.php HTTP/1.1" 200 2846
::1 - - [31/Dec/2020:12:26:36 +0100] "POST /admin/evenement.php HTTP/1.1" 200 2847
::1 - - [31/Dec/2020:12:27:23 +0100] "POST /admin/evenement.php HTTP/1.1" 200 3146
::1 - - [31/Dec/2020:12:28:05 +0100] "POST /admin/evenement.php HTTP/1.1" 200 3186
::1 - - [31/Dec/2020:12:28:11 +0100] "POST /admin/evenement.php HTTP/1.1" 200 5710
::1 - - [31/Dec/2020:12:28:51 +0100] "POST /admin/evenement.php HTTP/1.1" 200 4295
::1 - - [31/Dec/2020:12:29:56 +0100] "POST /admin/evenement.php HTTP/1.1" 200 4295
::1 - - [31/Dec/2020:12:30:47 +0100] "POST /admin/evenement.php HTTP/1.1" 200 4295
::1 - - [31/Dec/2020:12:31:07 +0100] "POST /admin/evenement.php HTTP/1.1" 200 6269
::1 - - [31/Dec/2020:12:32:39 +0100] "POST /admin/evenement.php HTTP/1.1" 200 6268
::1 - - [31/Dec/2020:12:33:00 +0100] "POST /admin/evenement.php HTTP/1.1" 200 3186
::1 - - [31/Dec/2020:12:33:05 +0100] "POST /admin/evenement.php HTTP/1.1" 200 6271
::1 - - [31/Dec/2020:12:33:57 +0100] "POST /admin/evenement.php HTTP/1.1" 200 6271
::1 - - [31/Dec/2020:12:34:29 +0100] "POST /admin/evenement.php HTTP/1.1" 200 6271
::1 - - [31/Dec/2020:12:34:41 +0100] "POST /admin/evenement.php HTTP/1.1" 200 3186
::1 - - [31/Dec/2020:12:34:46 +0100] "POST /admin/evenement.php HTTP/1.1" 200 6271
::1 - - [31/Dec/2020:12:35:56 +0100] "POST /admin/evenement.php HTTP/1.1" 200 3273
::1 - - [31/Dec/2020:12:37:45 +0100] "POST /admin/evenement.php HTTP/1.1" 200 11259
::1 - - [31/Dec/2020:12:39:59 +0100] "POST /admin/evenement.php HTTP/1.1" 200 3273
::1 - - [31/Dec/2020:12:40:08 +0100] "GET /admin/evenement.php?id=3 HTTP/1.1" 200 2733
::1 - - [22/Jan/2021:10:56:54 +0100] "GET / HTTP/1.1" 200 3495
::1 - - [22/Jan/2021:10:56:54 +0100] "GET /style.css HTTP/1.1" 200 1703
::1 - - [22/Jan/2021:10:56:54 +0100] "GET /style_petitecran.css HTTP/1.1" 404 318
::1 - - [22/Jan/2021:10:56:54 +0100] "GET /images/articles/ HTTP/1.1" 404 314
::1 - - [22/Jan/2021:10:56:54 +0100] "GET /images/1_generales/logo_brains.png HTTP/1.1" 200 27883
::1 - - [22/Jan/2021:10:56:55 +0100] "GET /images/1_generales/logo_brains.ico HTTP/1.1" 404 332
::1 - - [22/Jan/2021:10:56:56 +0100] "GET /images/1_generales/logo_brains.png HTTP/1.1" 200 27883
::1 - - [22/Jan/2021:10:57:01 +0100] "GET /admin/connexion.php HTTP/1.1" 200 922
::1 - - [22/Jan/2021:10:57:01 +0100] "GET /favicon.ico HTTP/1.1" 404 309
::1 - - [22/Jan/2021:10:57:07 +0100] "GET /admin/evenement.php HTTP/1.1" 200 2451
::1 - - [29/Jan/2021:20:33:29 +0100] "GET / HTTP/1.1" 200 3495
::1 - - [29/Jan/2021:20:33:31 +0100] "GET /style.css HTTP/1.1" 200 1703
::1 - - [29/Jan/2021:20:33:31 +0100] "GET /style_petitecran.css HTTP/1.1" 404 318
::1 - - [29/Jan/2021:20:33:32 +0100] "GET /images/1_generales/logo_brains.png HTTP/1.1" 200 27883
::1 - - [29/Jan/2021:20:33:32 +0100] "GET /images/articles/ HTTP/1.1" 404 314
::1 - - [29/Jan/2021:20:33:36 +0100] "GET /images/1_generales/logo_brains.ico HTTP/1.1" 404 332
::1 - - [29/Jan/2021:20:34:05 +0100] "GET /images/1_generales/logo_brains.png HTTP/1.1" 200 27883
::1 - - [29/Jan/2021:20:34:11 +0100] "GET /admin/evenement.php HTTP/1.1" 200 2451
::1 - - [29/Jan/2021:20:34:14 +0100] "GET /favicon.ico HTTP/1.1" 404 309
::1 - - [29/Jan/2021:20:40:34 +0100] "GET /admin/connexion.php HTTP/1.1" 200 922
::1 - - [29/Jan/2021:20:40:43 +0100] "POST /admin/connexion.php HTTP/1.1" 200 1489
::1 - - [29/Jan/2021:20:41:30 +0100] "POST /admin/connexion.php HTTP/1.1" 200 1015
::1 - - [29/Jan/2021:20:41:35 +0100] "GET /admin/evenement.php HTTP/1.1" 200 2451
::1 - - [29/Jan/2021:20:42:38 +0100] "GET / HTTP/1.1" 200 3495
::1 - - [29/Jan/2021:20:42:39 +0100] "GET /images/articles/ HTTP/1.1" 404 314
::1 - - [29/Jan/2021:20:42:39 +0100] "GET /style_petitecran.css HTTP/1.1" 404 318
::1 - - [29/Jan/2021:20:45:02 +0100] "GET / HTTP/1.1" 200 3495
::1 - - [29/Jan/2021:20:45:02 +0100] "GET /images/articles/ HTTP/1.1" 404 314
::1 - - [29/Jan/2021:20:45:02 +0100] "GET /style_petitecran.css HTTP/1.1" 404 318
::1 - - [29/Jan/2021:20:46:48 +0100] "GET / HTTP/1.1" 200 3503
::1 - - [29/Jan/2021:20:46:48 +0100] "GET /images/articles/ HTTP/1.1" 404 314
::1 - - [29/Jan/2021:20:46:48 +0100] "GET /style_petitecran.css HTTP/1.1" 404 318
::1 - - [29/Jan/2021:20:46:52 +0100] "GET / HTTP/1.1" 200 3503
::1 - - [29/Jan/2021:20:46:52 +0100] "GET /images/articles/ HTTP/1.1" 404 314
::1 - - [29/Jan/2021:20:46:52 +0100] "GET /style_petitecran.css HTTP/1.1" 404 318
::1 - - [29/Jan/2021:20:48:02 +0100] "GET / HTTP/1.1" 200 3938
::1 - - [29/Jan/2021:20:48:02 +0100] "GET /images/articles/ HTTP/1.1" 404 314
::1 - - [29/Jan/2021:20:48:02 +0100] "GET /style_petitecran.css HTTP/1.1" 404 318
::1 - - [29/Jan/2021:20:49:16 +0100] "GET / HTTP/1.1" 200 3930
::1 - - [29/Jan/2021:20:49:16 +0100] "GET /images/articles/ HTTP/1.1" 404 314
::1 - - [29/Jan/2021:20:49:16 +0100] "GET /style_petitecran.css HTTP/1.1" 404 318
::1 - - [29/Jan/2021:20:49:27 +0100] "GET / HTTP/1.1" 200 4034
::1 - - [29/Jan/2021:20:49:28 +0100] "GET /images/articles/ HTTP/1.1" 404 314
::1 - - [29/Jan/2021:20:49:28 +0100] "GET /style_petitecran.css HTTP/1.1" 404 318
::1 - - [29/Jan/2021:20:49:28 +0100] "GET / HTTP/1.1" 200 4034
::1 - - [29/Jan/2021:21:14:30 +0100] "GET / HTTP/1.1" 200 2557
::1 - - [29/Jan/2021:21:14:30 +0100] "GET /style_petitecran.css HTTP/1.1" 404 318
::1 - - [29/Jan/2021:21:14:30 +0100] "GET / HTTP/1.1" 200 2557
::1 - - [29/Jan/2021:21:19:19 +0100] "GET /index.php HTTP/1.1" 200 2557
::1 - - [29/Jan/2021:21:19:19 +0100] "GET /style_petitecran.css HTTP/1.1" 404 318
::1 - - [29/Jan/2021:21:19:19 +0100] "GET /index.php HTTP/1.1" 200 2557
::1 - - [29/Jan/2021:21:20:19 +0100] "GET /articles.php HTTP/1.1" 200 414
::1 - - [29/Jan/2021:21:36:17 +0100] "GET /admin/connexion.php HTTP/1.1" 200 922
::1 - - [29/Jan/2021:21:36:22 +0100] "GET /admin/evenement.php HTTP/1.1" 200 2451
::1 - - [29/Jan/2021:21:36:44 +0100] "POST /admin/evenement.php HTTP/1.1" 200 2560
::1 - - [29/Jan/2021:21:37:44 +0100] "POST /admin/evenement.php HTTP/1.1" 200 2649
::1 - - [29/Jan/2021:21:37:57 +0100] "POST /admin/evenement.php HTTP/1.1" 200 2691
::1 - - [29/Jan/2021:21:38:02 +0100] "POST /admin/evenement.php HTTP/1.1" 200 2575
::1 - - [29/Jan/2021:22:05:49 +0100] "GET / HTTP/1.1" 200 2557
::1 - - [29/Jan/2021:22:05:49 +0100] "GET /style_petitecran.css HTTP/1.1" 404 318
::1 - - [29/Jan/2021:22:05:50 +0100] "GET / HTTP/1.1" 200 2557
::1 - - [08/Feb/2021:14:59:18 +0100] "GET / HTTP/1.1" 200 2557
::1 - - [08/Feb/2021:14:59:18 +0100] "GET /style.css HTTP/1.1" 200 1703
::1 - - [08/Feb/2021:14:59:18 +0100] "GET /images/1_generales/logo_brains.png HTTP/1.1" 200 27883
::1 - - [08/Feb/2021:14:59:18 +0100] "GET /style_petitecran.css HTTP/1.1" 404 318
::1 - - [08/Feb/2021:14:59:18 +0100] "GET / HTTP/1.1" 200 2557
::1 - - [08/Feb/2021:14:59:19 +0100] "GET /images/1_generales/logo_brains.ico HTTP/1.1" 404 332
::1 - - [08/Feb/2021:14:59:19 +0100] "GET /images/1_generales/logo_brains.png HTTP/1.1" 200 27883
::1 - - [08/Feb/2021:14:59:50 +0100] "GET / HTTP/1.1" 200 3383
::1 - - [08/Feb/2021:14:59:50 +0100] "GET /images/1_generales/Logo_agora.png HTTP/1.1" 200 70973
::1 - - [08/Feb/2021:14:59:50 +0100] "GET /style_petitecran.css HTTP/1.1" 404 318
::1 - - [08/Feb/2021:14:59:50 +0100] "GET / HTTP/1.1" 200 3383
::1 - - [08/Feb/2021:14:59:51 +0100] "GET /images/1_generales/Logo_agora.png HTTP/1.1" 200 70973
::1 - - [08/Feb/2021:15:00:01 +0100] "GET /admin/connexion.php HTTP/1.1" 200 922
::1 - - [08/Feb/2021:15:00:01 +0100] "GET /favicon.ico HTTP/1.1" 404 309
::1 - - [08/Feb/2021:15:00:07 +0100] "GET /admin/addUser.php HTTP/1.1" 404 315
::1 - - [08/Feb/2021:15:00:16 +0100] "GET /admin/editUser.php HTTP/1.1" 200 589
::1 - - [08/Feb/2021:15:04:15 +0100] "GET /admin/editUser.php HTTP/1.1" 200 1262
::1 - - [08/Feb/2021:15:05:19 +0100] "GET /admin/editUser.php HTTP/1.1" 200 1292
::1 - - [08/Feb/2021:15:07:07 +0100] "GET /admin/editUser.php HTTP/1.1" 200 1308
::1 - - [08/Feb/2021:15:07:57 +0100] "GET /admin/editUser.php HTTP/1.1" 200 1312
::1 - - [08/Feb/2021:15:08:04 +0100] "GET /admin/editUser.php HTTP/1.1" 200 1312
::1 - - [08/Feb/2021:15:08:09 +0100] "GET /admin/editUser.php HTTP/1.1" 200 1312
::1 - - [08/Feb/2021:15:08:16 +0100] "GET /admin/editUser.php HTTP/1.1" 200 1312
::1 - - [08/Feb/2021:15:08:23 +0100] "GET /admin/editUser.php HTTP/1.1" 200 1312
::1 - - [08/Feb/2021:15:08:38 +0100] "GET /admin/editUser.php HTTP/1.1" 200 1312
::1 - - [08/Feb/2021:15:08:46 +0100] "GET /admin/editUser.php HTTP/1.1" 200 1312
::1 - - [08/Feb/2021:15:08:52 +0100] "GET /admin/editUser.php HTTP/1.1" 200 1321
::1 - - [08/Feb/2021:15:09:04 +0100] "GET /admin/editUser.php HTTP/1.1" 200 1321
::1 - - [08/Feb/2021:15:09:09 +0100] "GET /admin/editUser.php HTTP/1.1" 200 1312
::1 - - [08/Feb/2021:15:33:46 +0100] "GET /admin/editUser.php HTTP/1.1" 200 1312
::1 - - [08/Feb/2021:15:35:39 +0100] "GET /admin/editUser.php HTTP/1.1" 200 1312
::1 - - [08/Feb/2021:15:35:53 +0100] "GET /admin/connection.php HTTP/1.1" 404 318
::1 - - [08/Feb/2021:15:36:07 +0100] "GET /admin/connexion.php HTTP/1.1" 200 1140
::1 - - [08/Feb/2021:15:37:30 +0100] "GET /admin/connexion.php HTTP/1.1" 200 1248
::1 - - [08/Feb/2021:15:38:52 +0100] "GET /admin/connexion.php HTTP/1.1" 200 1295
::1 - - [08/Feb/2021:15:39:04 +0100] "GET /admin/connexion.php HTTP/1.1" 200 1304
::1 - - [08/Feb/2021:15:41:26 +0100] "GET /admin/connexion.php HTTP/1.1" 200 1371
::1 - - [08/Feb/2021:15:43:06 +0100] "GET /admin/connexion.php HTTP/1.1" 200 1374
::1 - - [08/Feb/2021:15:45:05 +0100] "GET /admin/editUser.php HTTP/1.1" 200 1519
::1 - - [10/Feb/2021:16:47:36 +0100] "GET / HTTP/1.1" 200 3383
::1 - - [10/Feb/2021:16:47:36 +0100] "GET /style.css HTTP/1.1" 200 2272
::1 - - [10/Feb/2021:16:47:36 +0100] "GET /style_petitecran.css HTTP/1.1" 404 318
::1 - - [10/Feb/2021:16:47:36 +0100] "GET /images/1_generales/Logo_agora.png HTTP/1.1" 200 70973
::1 - - [10/Feb/2021:16:47:36 +0100] "GET / HTTP/1.1" 200 3383
::1 - - [10/Feb/2021:16:47:37 +0100] "GET /images/1_generales/logo_brains.ico HTTP/1.1" 404 332
::1 - - [10/Feb/2021:16:47:38 +0100] "GET /images/1_generales/Logo_agora.png HTTP/1.1" 200 70973
::1 - - [10/Feb/2021:16:51:41 +0100] "GET /admin/addUser HTTP/1.1" 404 311
::1 - - [10/Feb/2021:16:51:41 +0100] "GET /favicon.ico HTTP/1.1" 404 309
::1 - - [10/Feb/2021:16:52:33 +0100] "GET /admin/editUser.php HTTP/1.1" 302 -
::1 - - [10/Feb/2021:16:52:33 +0100] "GET /index.php HTTP/1.1" 200 3383
::1 - - [10/Feb/2021:16:52:33 +0100] "GET /style.css HTTP/1.1" 200 2272
::1 - - [10/Feb/2021:16:52:33 +0100] "GET /style_petitecran.css HTTP/1.1" 404 318
::1 - - [10/Feb/2021:16:52:33 +0100] "GET /images/1_generales/Logo_agora.png HTTP/1.1" 200 70973
::1 - - [10/Feb/2021:16:52:33 +0100] "GET /index.php HTTP/1.1" 200 3383
::1 - - [10/Feb/2021:16:52:33 +0100] "GET /images/1_generales/logo_brains.ico HTTP/1.1" 404 332
::1 - - [10/Feb/2021:16:52:47 +0100] "GET /admin/connection.php HTTP/1.1" 404 318
::1 - - [10/Feb/2021:16:52:47 +0100] "GET /connection.php HTTP/1.1" 404 312
::1 - - [10/Feb/2021:16:52:47 +0100] "GET /favicon.ico HTTP/1.1" 404 309
::1 - - [10/Feb/2021:16:52:56 +0100] "GET /admin/connexion.php HTTP/1.1" 200 1454
::1 - - [10/Feb/2021:16:53:07 +0100] "POST /admin/connexion.php HTTP/1.1" 200 1468
::1 - - [10/Feb/2021:16:53:11 +0100] "GET /admin/editUser.php HTTP/1.1" 200 1519
::1 - - [10/Feb/2021:16:55:00 +0100] "GET /admin/editUser.php HTTP/1.1" 200 1519
::1 - - [10/Feb/2021:16:55:00 +0100] "GET /admin/editUser.php HTTP/1.1" 200 1519
::1 - - [10/Feb/2021:16:55:00 +0100] "GET /favicon.ico HTTP/1.1" 404 309
::1 - - [10/Feb/2021:16:55:01 +0100] "GET /admin/editUser.php HTTP/1.1" 200 1519
::1 - - [10/Feb/2021:16:55:08 +0100] "GET /admin/editUser.php HTTP/1.1" 200 1519
::1 - - [10/Feb/2021:16:55:09 +0100] "GET /admin/editUser.php HTTP/1.1" 200 1517
::1 - - [10/Feb/2021:16:55:10 +0100] "GET /admin/editUser.php HTTP/1.1" 200 1517
127.0.0.1 - - [10/Feb/2021:16:59:32 +0100] "GET /_intellij_phpdebug_validator.php HTTP/1.1" 200 574
127.0.0.1 - - [10/Feb/2021:17:00:09 +0100] "GET /_intellij_phpdebug_validator.php HTTP/1.1" 200 575
127.0.0.1 - - [10/Feb/2021:17:00:10 +0100] "GET /_intellij_phpdebug_validator.php HTTP/1.1" 200 575
127.0.0.1 - - [10/Feb/2021:17:00:16 +0100] "GET /_intellij_phpdebug_validator.php HTTP/1.1" 200 575
::1 - - [10/Feb/2021:17:00:35 +0100] "GET /?XDEBUG_SESSION_START=15410 HTTP/1.1" 200 3383
::1 - - [10/Feb/2021:17:00:36 +0100] "GET /style_petitecran.css HTTP/1.1" 404 317
::1 - - [10/Feb/2021:17:00:36 +0100] "GET /?XDEBUG_SESSION_START=15410 HTTP/1.1" 200 3383
::1 - - [10/Feb/2021:17:01:01 +0100] "GET /admin/connexion/?XDEBUG_SESSION_START=15410 HTTP/1.1" 404 313
::1 - - [10/Feb/2021:17:01:02 +0100] "GET /favicon.ico HTTP/1.1" 404 308
::1 - - [10/Feb/2021:17:01:12 +0100] "GET /admin/connexion.php HTTP/1.1" 200 1375
::1 - - [10/Feb/2021:17:01:15 +0100] "GET /admin/editUser.php HTTP/1.1" 200 1519
::1 - - [10/Feb/2021:17:01:44 +0100] "GET /?XDEBUG_SESSION_START=14525 HTTP/1.1" 200 3383
::1 - - [10/Feb/2021:17:01:44 +0100] "GET /style_petitecran.css HTTP/1.1" 404 317
::1 - - [10/Feb/2021:17:01:44 +0100] "GET /?XDEBUG_SESSION_START=14525 HTTP/1.1" 200 3383
::1 - - [10/Feb/2021:17:01:58 +0100] "GET /admin/connexion.php HTTP/1.1" 200 1375
::1 - - [10/Feb/2021:17:02:01 +0100] "GET /admin/editUser.php HTTP/1.1" 200 1515
::1 - - [10/Feb/2021:17:03:25 +0100] "GET /?XDEBUG_SESSION_START=15008 HTTP/1.1" 200 3383
::1 - - [10/Feb/2021:17:03:25 +0100] "GET /style_petitecran.css HTTP/1.1" 404 317
::1 - - [10/Feb/2021:17:03:26 +0100] "GET /?XDEBUG_SESSION_START=15008 HTTP/1.1" 200 3383
::1 - - [10/Feb/2021:17:03:30 +0100] "GET / HTTP/1.1" 200 3383
::1 - - [10/Feb/2021:17:03:31 +0100] "GET /style_petitecran.css HTTP/1.1" 404 317
::1 - - [10/Feb/2021:17:03:31 +0100] "GET / HTTP/1.1" 200 3383
::1 - - [10/Feb/2021:17:03:38 +0100] "GET /admin/connexion.php HTTP/1.1" 200 1375
::1 - - [10/Feb/2021:17:03:40 +0100] "GET /admin/editUser.php HTTP/1.1" 200 1519
::1 - - [10/Feb/2021:17:04:43 +0100] "GET /?XDEBUG_SESSION_START=16510 HTTP/1.1" 200 3383
::1 - - [10/Feb/2021:17:04:44 +0100] "GET /style_petitecran.css HTTP/1.1" 404 317
::1 - - [10/Feb/2021:17:04:44 +0100] "GET /?XDEBUG_SESSION_START=16510 HTTP/1.1" 200 3383
::1 - - [10/Feb/2021:17:04:49 +0100] "GET /index.php HTTP/1.1" 200 3383
::1 - - [10/Feb/2021:17:04:49 +0100] "GET /style_petitecran.css HTTP/1.1" 404 317
::1 - - [10/Feb/2021:17:04:49 +0100] "GET /index.php HTTP/1.1" 200 3383
::1 - - [10/Feb/2021:17:05:39 +0100] "GET /index.php HTTP/1.1" 200 3383
::1 - - [10/Feb/2021:17:05:39 +0100] "GET /style_petitecran.css HTTP/1.1" 404 317
::1 - - [10/Feb/2021:17:05:39 +0100] "GET /index.php HTTP/1.1" 200 3383
::1 - - [10/Feb/2021:17:05:39 +0100] "GET /images/1_generales/logo_brains.ico HTTP/1.1" 404 331
::1 - - [10/Feb/2021:17:08:15 +0100] "GET /index.php HTTP/1.1" 200 3383
::1 - - [10/Feb/2021:17:17:28 +0100] "GET /index.php HTTP/1.1" 200 3383
::1 - - [10/Feb/2021:17:20:15 +0100] "GET / HTTP/1.1" 200 3383
::1 - - [10/Feb/2021:17:21:09 +0100] "GET / HTTP/1.1" 200 3383
::1 - - [10/Feb/2021:17:21:09 +0100] "GET / HTTP/1.1" 200 3383
::1 - - [10/Feb/2021:17:21:09 +0100] "GET /style_petitecran.css HTTP/1.1" 404 317
::1 - - [10/Feb/2021:17:21:09 +0100] "GET / HTTP/1.1" 200 3383
::1 - - [10/Feb/2021:17:21:09 +0100] "GET /images/1_generales/logo_brains.ico HTTP/1.1" 404 331
::1 - - [10/Feb/2021:17:21:56 +0100] "GET /style_petitecran.css HTTP/1.1" 404 317
::1 - - [10/Feb/2021:17:26:49 +0100] "GET / HTTP/1.1" 200 3384
::1 - - [10/Feb/2021:17:27:29 +0100] "GET / HTTP/1.1" 200 3384
::1 - - [10/Feb/2021:17:27:29 +0100] "GET / HTTP/1.1" 200 3384
::1 - - [10/Feb/2021:17:27:29 +0100] "GET /style.css HTTP/1.1" 200 2272
::1 - - [10/Feb/2021:17:27:29 +0100] "GET /style_petitecran.css HTTP/1.1" 404 317
::1 - - [10/Feb/2021:17:27:29 +0100] "GET /images/1_generales/Logo_agora.png HTTP/1.1" 200 70973
::1 - - [10/Feb/2021:17:27:29 +0100] "GET / HTTP/1.1" 200 3384
::1 - - [10/Feb/2021:17:27:29 +0100] "GET /images/1_generales/logo_brains.ico HTTP/1.1" 404 331
::1 - - [10/Feb/2021:17:27:55 +0100] "GET /style_petitecran.css HTTP/1.1" 404 317
::1 - - [20/Feb/2021:14:26:10 +0100] "GET / HTTP/1.1" 200 3383
::1 - - [20/Feb/2021:14:26:13 +0100] "GET /style.css HTTP/1.1" 200 2272
::1 - - [20/Feb/2021:14:26:13 +0100] "GET /images/1_generales/Logo_agora.png HTTP/1.1" 200 70973
::1 - - [20/Feb/2021:14:26:15 +0100] "GET /style_petitecran.css HTTP/1.1" 404 317
::1 - - [20/Feb/2021:14:26:15 +0100] "GET / HTTP/1.1" 200 3383
::1 - - [20/Feb/2021:14:26:30 +0100] "GET /images/1_generales/logo_brains.ico HTTP/1.1" 404 331
::1 - - [20/Feb/2021:14:26:39 +0100] "GET /admin/connexion.php HTTP/1.1" 200 1375
::1 - - [20/Feb/2021:14:26:41 +0100] "GET /favicon.ico HTTP/1.1" 404 308
::1 - - [20/Feb/2021:14:27:22 +0100] "GET /admin/evenement.php HTTP/1.1" 200 2508
::1 - - [20/Feb/2021:15:05:52 +0100] "GET / HTTP/1.1" 404 297
::1 - - [20/Feb/2021:15:07:08 +0100] "GET / HTTP/1.1" 403 308
127.0.0.1 - - [20/Feb/2021:15:07:16 +0100] "GET / HTTP/1.1" 403 308
127.0.0.1 - - [20/Feb/2021:15:07:17 +0100] "GET /favicon.ico HTTP/1.1" 404 308
127.0.0.1 - - [20/Feb/2021:15:08:20 +0100] "GET / HTTP/1.1" 200 3383
127.0.0.1 - - [20/Feb/2021:15:08:20 +0100] "GET /style.css HTTP/1.1" 200 2272
127.0.0.1 - - [20/Feb/2021:15:08:20 +0100] "GET /style_petitecran.css HTTP/1.1" 404 317
127.0.0.1 - - [20/Feb/2021:15:08:20 +0100] "GET / HTTP/1.1" 200 3383
127.0.0.1 - - [20/Feb/2021:15:08:20 +0100] "GET /images/1_generales/logo_brains.ico HTTP/1.1" 404 331
127.0.0.1 - - [20/Feb/2021:15:08:28 +0100] "GET /admin/connexion.php HTTP/1.1" 200 1454
127.0.0.1 - - [20/Feb/2021:15:08:41 +0100] "POST /admin/connexion.php HTTP/1.1" 200 1468
127.0.0.1 - - [20/Feb/2021:15:09:06 +0100] "GET /admin/evenement.php HTTP/1.1" 200 2508
127.0.0.1 - - [20/Feb/2021:15:09:27 +0100] "GET /admin/evenement.php HTTP/1.1" 200 2508
127.0.0.1 - - [20/Feb/2021:15:11:45 +0100] "POST /admin/evenement.php HTTP/1.1" 200 2849
127.0.0.1 - - [20/Feb/2021:15:12:37 +0100] "GET /admin/ HTTP/1.1" 403 314
127.0.0.1 - - [20/Feb/2021:15:12:44 +0100] "GET /admin/connexion.php HTTP/1.1" 200 1375
127.0.0.1 - - [20/Feb/2021:15:13:16 +0100] "GET /index.php HTTP/1.1" 200 3383
127.0.0.1 - - [20/Feb/2021:15:13:16 +0100] "GET /style_petitecran.css HTTP/1.1" 404 317
127.0.0.1 - - [20/Feb/2021:15:13:16 +0100] "GET /index.php HTTP/1.1" 200 3383
127.0.0.1 - - [20/Feb/2021:15:13:20 +0100] "GET /evenement.php HTTP/1.1" 404 310
127.0.0.1 - - [20/Feb/2021:15:13:24 +0100] "GET /articles.php HTTP/1.1" 200 418
127.0.0.1 - - [20/Feb/2021:15:13:29 +0100] "GET /contact.php HTTP/1.1" 200 2215
127.0.0.1 - - [20/Feb/2021:15:13:29 +0100] "GET /style_petitecran.css HTTP/1.1" 404 317
127.0.0.1 - - [20/Feb/2021:15:13:29 +0100] "GET /images/contact/image_agora_contact.jpg HTTP/1.1" 404 335
127.0.0.1 - - [20/Feb/2021:15:13:29 +0100] "GET /contact.php HTTP/1.1" 200 2215
127.0.0.1 - - [20/Feb/2021:15:13:45 +0100] "GET /index.php HTTP/1.1" 200 3383
127.0.0.1 - - [20/Feb/2021:15:13:45 +0100] "GET /style_petitecran.css HTTP/1.1" 404 317
127.0.0.1 - - [20/Feb/2021:15:13:45 +0100] "GET /index.php HTTP/1.1" 200 3383
::1 - - [20/Feb/2021:16:04:09 +0100] "GET /index.php HTTP/1.1" 200 3383
::1 - - [20/Feb/2021:16:04:09 +0100] "GET /style_petitecran.css HTTP/1.1" 404 317
::1 - - [20/Feb/2021:16:04:09 +0100] "GET /index.php HTTP/1.1" 200 3383
127.0.0.1 - - [20/Feb/2021:16:13:28 +0100] "GET /index.php HTTP/1.1" 200 3512
127.0.0.1 - - [20/Feb/2021:16:13:28 +0100] "GET /images/1_generales/logoFacebook.png HTTP/1.1" 200 1255159
127.0.0.1 - - [20/Feb/2021:16:13:28 +0100] "GET /style_petitecran.css HTTP/1.1" 404 317
127.0.0.1 - - [20/Feb/2021:16:13:28 +0100] "GET /images/1_generales/logoinstagram.png HTTP/1.1" 200 1080325
127.0.0.1 - - [20/Feb/2021:16:13:28 +0100] "GET /images/1_generales/logolinkedin.png HTTP/1.1" 200 429093
127.0.0.1 - - [20/Feb/2021:16:13:29 +0100] "GET /images/1_generales/logo_brains.ico HTTP/1.1" 404 331
127.0.0.1 - - [20/Feb/2021:16:20:00 +0100] "GET /index.php HTTP/1.1" 200 3512
127.0.0.1 - - [20/Feb/2021:16:20:00 +0100] "GET /style_petitecran.css HTTP/1.1" 404 317
127.0.0.1 - - [20/Feb/2021:16:20:00 +0100] "GET /images/1_generales/logoFacebook.png HTTP/1.1" 304 -
127.0.0.1 - - [20/Feb/2021:16:20:00 +0100] "GET /images/1_generales/Logo_agora.png HTTP/1.1" 200 70973
127.0.0.1 - - [20/Feb/2021:16:20:00 +0100] "GET /images/1_generales/logoinstagram.png HTTP/1.1" 304 -
127.0.0.1 - - [20/Feb/2021:16:20:05 +0100] "GET /images/1_generales/logolinkedin.png HTTP/1.1" 200 31858
127.0.0.1 - - [20/Feb/2021:16:26:59 +0100] "GET /index.php HTTP/1.1" 200 3512
127.0.0.1 - - [20/Feb/2021:16:26:59 +0100] "GET /style_petitecran.css HTTP/1.1" 404 317
127.0.0.1 - - [20/Feb/2021:16:26:59 +0100] "GET /images/1_generales/logolinkedin.png HTTP/1.1" 304 -
127.0.0.1 - - [20/Feb/2021:16:26:59 +0100] "GET /images/1_generales/Logo_agora.png HTTP/1.1" 304 -
127.0.0.1 - - [20/Feb/2021:16:26:59 +0100] "GET /images/1_generales/logoinstagram.png HTTP/1.1" 200 48839
127.0.0.1 - - [20/Feb/2021:16:26:59 +0100] "GET /images/1_generales/logoFacebook.png HTTP/1.1" 200 45328
127.0.0.1 - - [20/Feb/2021:16:57:54 +0100] "GET /index.php HTTP/1.1" 200 3512
127.0.0.1 - - [20/Feb/2021:16:57:54 +0100] "GET /style_petitecran.css HTTP/1.1" 404 317
127.0.0.1 - - [20/Feb/2021:16:57:54 +0100] "GET /images/1_generales/logolinkedin.png HTTP/1.1" 304 -
127.0.0.1 - - [20/Feb/2021:16:57:54 +0100] "GET /images/1_generales/logoFacebook.png HTTP/1.1" 304 -
127.0.0.1 - - [20/Feb/2021:16:57:54 +0100] "GET /images/1_generales/Logo_agora.png HTTP/1.1" 304 -
127.0.0.1 - - [20/Feb/2021:16:57:54 +0100] "GET /images/1_generales/logoinstagram.png HTTP/1.1" 200 50742
127.0.0.1 - - [20/Feb/2021:16:58:29 +0100] "GET /index.php HTTP/1.1" 200 3512
127.0.0.1 - - [20/Feb/2021:16:58:29 +0100] "GET /style_petitecran.css HTTP/1.1" 404 317
127.0.0.1 - - [20/Feb/2021:16:58:29 +0100] "GET /images/1_generales/Logo_agora.png HTTP/1.1" 304 -
127.0.0.1 - - [20/Feb/2021:16:58:29 +0100] "GET /images/1_generales/logoinstagram.png HTTP/1.1" 200 49358
127.0.0.1 - - [20/Feb/2021:16:58:29 +0100] "GET /images/1_generales/logoFacebook.png HTTP/1.1" 304 -
127.0.0.1 - - [20/Feb/2021:16:58:35 +0100] "GET /images/1_generales/logolinkedin.png HTTP/1.1" 304 -
127.0.0.1 - - [20/Feb/2021:16:59:01 +0100] "GET /index.php HTTP/1.1" 200 3512
127.0.0.1 - - [20/Feb/2021:16:59:01 +0100] "GET /style_petitecran.css HTTP/1.1" 404 317
127.0.0.1 - - [20/Feb/2021:16:59:01 +0100] "GET /images/1_generales/logolinkedin.png HTTP/1.1" 304 -
127.0.0.1 - - [20/Feb/2021:16:59:01 +0100] "GET /images/1_generales/Logo_agora.png HTTP/1.1" 304 -
127.0.0.1 - - [20/Feb/2021:16:59:01 +0100] "GET /images/1_generales/logoinstagram.png HTTP/1.1" 200 48522
127.0.0.1 - - [20/Feb/2021:16:59:01 +0100] "GET /images/1_generales/logoFacebook.png HTTP/1.1" 304 -
127.0.0.1 - - [20/Feb/2021:17:00:14 +0100] "GET /index.php HTTP/1.1" 200 3512
127.0.0.1 - - [20/Feb/2021:17:00:15 +0100] "GET /style_petitecran.css HTTP/1.1" 404 317
127.0.0.1 - - [20/Feb/2021:17:00:15 +0100] "GET /images/1_generales/logolinkedin.png HTTP/1.1" 304 -
127.0.0.1 - - [20/Feb/2021:17:00:15 +0100] "GET /images/1_generales/logoinstagram.png HTTP/1.1" 200 48776
127.0.0.1 - - [20/Feb/2021:17:00:15 +0100] "GET /images/1_generales/logoFacebook.png HTTP/1.1" 304 -
127.0.0.1 - - [20/Feb/2021:17:00:15 +0100] "GET /images/1_generales/Logo_agora.png HTTP/1.1" 304 -
127.0.0.1 - - [20/Feb/2021:17:03:12 +0100] "GET /index.php HTTP/1.1" 200 3512
127.0.0.1 - - [20/Feb/2021:17:03:12 +0100] "GET /style_petitecran.css HTTP/1.1" 404 317
127.0.0.1 - - [20/Feb/2021:17:03:12 +0100] "GET /images/1_generales/logolinkedin.png HTTP/1.1" 304 -
127.0.0.1 - - [20/Feb/2021:17:03:12 +0100] "GET /images/1_generales/logoinstagram.png HTTP/1.1" 304 -
127.0.0.1 - - [20/Feb/2021:17:03:12 +0100] "GET /images/1_generales/Logo_agora.png HTTP/1.1" 304 -
127.0.0.1 - - [20/Feb/2021:17:03:12 +0100] "GET /images/1_generales/logoFacebook.png HTTP/1.1" 304 -
127.0.0.1 - - [20/Feb/2021:17:03:14 +0100] "GET /index.php HTTP/1.1" 200 3512
127.0.0.1 - - [20/Feb/2021:17:03:14 +0100] "GET /style_petitecran.css HTTP/1.1" 404 317
127.0.0.1 - - [20/Feb/2021:17:03:14 +0100] "GET /images/1_generales/logolinkedin.png HTTP/1.1" 304 -
127.0.0.1 - - [20/Feb/2021:17:03:14 +0100] "GET /images/1_generales/logoFacebook.png HTTP/1.1" 304 -
127.0.0.1 - - [20/Feb/2021:17:03:14 +0100] "GET /images/1_generales/Logo_agora.png HTTP/1.1" 304 -
127.0.0.1 - - [20/Feb/2021:17:03:14 +0100] "GET /images/1_generales/logoinstagram.png HTTP/1.1" 304 -
127.0.0.1 - - [20/Feb/2021:17:03:15 +0100] "GET /index.php HTTP/1.1" 200 3512
127.0.0.1 - - [20/Feb/2021:17:03:15 +0100] "GET /style_petitecran.css HTTP/1.1" 404 317
127.0.0.1 - - [20/Feb/2021:17:03:15 +0100] "GET /images/1_generales/logoFacebook.png HTTP/1.1" 304 -
127.0.0.1 - - [20/Feb/2021:17:03:15 +0100] "GET /images/1_generales/Logo_agora.png HTTP/1.1" 304 -
127.0.0.1 - - [20/Feb/2021:17:03:15 +0100] "GET /images/1_generales/logoinstagram.png HTTP/1.1" 304 -
127.0.0.1 - - [20/Feb/2021:17:03:15 +0100] "GET /images/1_generales/logolinkedin.png HTTP/1.1" 304 -
127.0.0.1 - - [20/Feb/2021:17:03:15 +0100] "GET /index.php HTTP/1.1" 200 3512
127.0.0.1 - - [20/Feb/2021:17:03:15 +0100] "GET /style_petitecran.css HTTP/1.1" 404 317
127.0.0.1 - - [20/Feb/2021:17:03:15 +0100] "GET /images/1_generales/Logo_agora.png HTTP/1.1" 304 -
127.0.0.1 - - [20/Feb/2021:17:03:15 +0100] "GET /images/1_generales/logoinstagram.png HTTP/1.1" 304 -
127.0.0.1 - - [20/Feb/2021:17:03:15 +0100] "GET /images/1_generales/logolinkedin.png HTTP/1.1" 304 -
127.0.0.1 - - [20/Feb/2021:17:03:15 +0100] "GET /images/1_generales/logoFacebook.png HTTP/1.1" 304 -
127.0.0.1 - - [20/Feb/2021:17:03:16 +0100] "GET /index.php HTTP/1.1" 200 3512
127.0.0.1 - - [20/Feb/2021:17:03:16 +0100] "GET /style_petitecran.css HTTP/1.1" 404 317
127.0.0.1 - - [20/Feb/2021:17:03:16 +0100] "GET /images/1_generales/logoFacebook.png HTTP/1.1" 304 -
127.0.0.1 - - [20/Feb/2021:17:03:16 +0100] "GET /images/1_generales/Logo_agora.png HTTP/1.1" 304 -
127.0.0.1 - - [20/Feb/2021:17:03:16 +0100] "GET /images/1_generales/logoinstagram.png HTTP/1.1" 304 -
127.0.0.1 - - [20/Feb/2021:17:03:16 +0100] "GET /images/1_generales/logolinkedin.png HTTP/1.1" 304 -
127.0.0.1 - - [20/Feb/2021:17:03:38 +0100] "GET /index.php HTTP/1.1" 200 3512
127.0.0.1 - - [20/Feb/2021:17:03:38 +0100] "GET /style_petitecran.css HTTP/1.1" 404 317
127.0.0.1 - - [20/Feb/2021:17:03:38 +0100] "GET /images/1_generales/logolinkedin.png HTTP/1.1" 304 -
127.0.0.1 - - [20/Feb/2021:17:03:38 +0100] "GET /images/1_generales/logoinstagram.png HTTP/1.1" 304 -
127.0.0.1 - - [20/Feb/2021:17:03:38 +0100] "GET /images/1_generales/logoFacebook.png HTTP/1.1" 304 -
127.0.0.1 - - [20/Feb/2021:17:03:38 +0100] "GET /images/1_generales/Logo_agora.png HTTP/1.1" 304 -
127.0.0.1 - - [20/Feb/2021:17:03:39 +0100] "GET /index.php HTTP/1.1" 200 3512
127.0.0.1 - - [20/Feb/2021:17:03:39 +0100] "GET /style_petitecran.css HTTP/1.1" 404 317
127.0.0.1 - - [20/Feb/2021:17:03:39 +0100] "GET /images/1_generales/logoFacebook.png HTTP/1.1" 304 -
127.0.0.1 - - [20/Feb/2021:17:03:39 +0100] "GET /images/1_generales/logoinstagram.png HTTP/1.1" 304 -
127.0.0.1 - - [20/Feb/2021:17:03:39 +0100] "GET /images/1_generales/logolinkedin.png HTTP/1.1" 304 -
127.0.0.1 - - [20/Feb/2021:17:03:39 +0100] "GET /images/1_generales/Logo_agora.png HTTP/1.1" 304 -
127.0.0.1 - - [20/Feb/2021:17:03:40 +0100] "GET /index.php HTTP/1.1" 200 3512
127.0.0.1 - - [20/Feb/2021:17:03:40 +0100] "GET /style_petitecran.css HTTP/1.1" 404 317
127.0.0.1 - - [20/Feb/2021:17:03:40 +0100] "GET /images/1_generales/Logo_agora.png HTTP/1.1" 304 -
127.0.0.1 - - [20/Feb/2021:17:03:40 +0100] "GET /images/1_generales/logoinstagram.png HTTP/1.1" 304 -
127.0.0.1 - - [20/Feb/2021:17:03:40 +0100] "GET /images/1_generales/logoFacebook.png HTTP/1.1" 304 -
127.0.0.1 - - [20/Feb/2021:17:03:40 +0100] "GET /images/1_generales/logolinkedin.png HTTP/1.1" 304 -
127.0.0.1 - - [20/Feb/2021:17:03:41 +0100] "GET /index.php HTTP/1.1" 200 3512
127.0.0.1 - - [20/Feb/2021:17:03:41 +0100] "GET /style_petitecran.css HTTP/1.1" 404 317
127.0.0.1 - - [20/Feb/2021:17:03:41 +0100] "GET /images/1_generales/logoFacebook.png HTTP/1.1" 304 -
127.0.0.1 - - [20/Feb/2021:17:03:41 +0100] "GET /images/1_generales/Logo_agora.png HTTP/1.1" 304 -
127.0.0.1 - - [20/Feb/2021:17:03:41 +0100] "GET /images/1_generales/logolinkedin.png HTTP/1.1" 304 -
127.0.0.1 - - [20/Feb/2021:17:03:41 +0100] "GET /images/1_generales/logoinstagram.png HTTP/1.1" 304 -
127.0.0.1 - - [20/Feb/2021:17:03:42 +0100] "GET /index.php HTTP/1.1" 200 3512
127.0.0.1 - - [20/Feb/2021:17:03:42 +0100] "GET /style_petitecran.css HTTP/1.1" 404 317
127.0.0.1 - - [20/Feb/2021:17:03:42 +0100] "GET /images/1_generales/logoFacebook.png HTTP/1.1" 304 -
127.0.0.1 - - [20/Feb/2021:17:03:42 +0100] "GET /images/1_generales/Logo_agora.png HTTP/1.1" 304 -
127.0.0.1 - - [20/Feb/2021:17:03:42 +0100] "GET /images/1_generales/logoinstagram.png HTTP/1.1" 304 -
127.0.0.1 - - [20/Feb/2021:17:03:42 +0100] "GET /images/1_generales/logolinkedin.png HTTP/1.1" 304 -
127.0.0.1 - - [20/Feb/2021:17:03:42 +0100] "GET /index.php HTTP/1.1" 200 3512
127.0.0.1 - - [20/Feb/2021:17:03:42 +0100] "GET /style_petitecran.css HTTP/1.1" 404 317
127.0.0.1 - - [20/Feb/2021:17:03:42 +0100] "GET /images/1_generales/Logo_agora.png HTTP/1.1" 304 -
127.0.0.1 - - [20/Feb/2021:17:03:42 +0100] "GET /images/1_generales/logoFacebook.png HTTP/1.1" 304 -
127.0.0.1 - - [20/Feb/2021:17:03:42 +0100] "GET /images/1_generales/logoinstagram.png HTTP/1.1" 304 -
127.0.0.1 - - [20/Feb/2021:17:03:42 +0100] "GET /images/1_generales/logolinkedin.png HTTP/1.1" 304 -
127.0.0.1 - - [20/Feb/2021:17:03:42 +0100] "GET /index.php HTTP/1.1" 200 3512
127.0.0.1 - - [20/Feb/2021:17:03:42 +0100] "GET /style_petitecran.css HTTP/1.1" 404 317
127.0.0.1 - - [20/Feb/2021:17:03:42 +0100] "GET /images/1_generales/logoFacebook.png HTTP/1.1" 304 -
127.0.0.1 - - [20/Feb/2021:17:03:42 +0100] "GET /images/1_generales/Logo_agora.png HTTP/1.1" 304 -
127.0.0.1 - - [20/Feb/2021:17:03:42 +0100] "GET /images/1_generales/logoinstagram.png HTTP/1.1" 304 -
127.0.0.1 - - [20/Feb/2021:17:03:42 +0100] "GET /images/1_generales/logolinkedin.png HTTP/1.1" 304 -
127.0.0.1 - - [20/Feb/2021:17:03:43 +0100] "GET /index.php HTTP/1.1" 200 3512
127.0.0.1 - - [20/Feb/2021:17:03:43 +0100] "GET /style_petitecran.css HTTP/1.1" 404 317
127.0.0.1 - - [20/Feb/2021:17:03:43 +0100] "GET /images/1_generales/logolinkedin.png HTTP/1.1" 304 -
127.0.0.1 - - [20/Feb/2021:17:03:43 +0100] "GET /images/1_generales/Logo_agora.png HTTP/1.1" 304 -
127.0.0.1 - - [20/Feb/2021:17:03:43 +0100] "GET /images/1_generales/logoinstagram.png HTTP/1.1" 304 -
127.0.0.1 - - [20/Feb/2021:17:03:43 +0100] "GET /images/1_generales/logoFacebook.png HTTP/1.1" 304 -
127.0.0.1 - - [20/Feb/2021:17:03:46 +0100] "GET /index.php HTTP/1.1" 200 3512
127.0.0.1 - - [20/Feb/2021:17:03:46 +0100] "GET /style_petitecran.css HTTP/1.1" 404 317
127.0.0.1 - - [20/Feb/2021:17:08:16 +0100] "GET /index.php HTTP/1.1" 200 3512
127.0.0.1 - - [20/Feb/2021:17:08:16 +0100] "GET /style_petitecran.css HTTP/1.1" 404 317
127.0.0.1 - - [20/Feb/2021:17:08:16 +0100] "GET /images/1_generales/logolinkedin.png HTTP/1.1" 200 9502
127.0.0.1 - - [20/Feb/2021:17:08:16 +0100] "GET /images/1_generales/logoinstagram.png HTTP/1.1" 200 18451
127.0.0.1 - - [20/Feb/2021:17:08:16 +0100] "GET /images/1_generales/Logo_agora.png HTTP/1.1" 304 -
127.0.0.1 - - [20/Feb/2021:17:08:16 +0100] "GET /images/1_generales/logoFacebook.png HTTP/1.1" 200 13547
::1 - - [20/Feb/2021:17:08:45 +0100] "GET /index.php HTTP/1.1" 200 3512
::1 - - [20/Feb/2021:17:08:45 +0100] "GET /images/1_generales/logoFacebook.png HTTP/1.1" 200 13547
::1 - - [20/Feb/2021:17:08:45 +0100] "GET /images/1_generales/logoinstagram.png HTTP/1.1" 200 18451
::1 - - [20/Feb/2021:17:08:45 +0100] "GET /images/1_generales/logolinkedin.png HTTP/1.1" 200 9502
::1 - - [20/Feb/2021:17:08:45 +0100] "GET /style_petitecran.css HTTP/1.1" 404 317
127.0.0.1 - - [20/Feb/2021:17:10:48 +0100] "GET /index.php HTTP/1.1" 200 3512
127.0.0.1 - - [20/Feb/2021:17:10:48 +0100] "GET /style_petitecran.css HTTP/1.1" 404 317
127.0.0.1 - - [20/Feb/2021:17:10:48 +0100] "GET /images/1_generales/Logo_agora.png HTTP/1.1" 304 -
127.0.0.1 - - [20/Feb/2021:17:10:48 +0100] "GET /images/1_generales/logoFacebook.png HTTP/1.1" 304 -
127.0.0.1 - - [20/Feb/2021:17:10:48 +0100] "GET /images/1_generales/logoinstagram.png HTTP/1.1" 304 -
127.0.0.1 - - [20/Feb/2021:17:10:48 +0100] "GET /images/1_generales/logolinkedin.png HTTP/1.1" 304 -
127.0.0.1 - - [20/Feb/2021:17:10:48 +0100] "GET /index.php HTTP/1.1" 200 3512
127.0.0.1 - - [20/Feb/2021:17:10:49 +0100] "GET /style_petitecran.css HTTP/1.1" 404 317
127.0.0.1 - - [20/Feb/2021:17:10:49 +0100] "GET /images/1_generales/Logo_agora.png HTTP/1.1" 304 -
127.0.0.1 - - [20/Feb/2021:17:10:49 +0100] "GET /images/1_generales/logoFacebook.png HTTP/1.1" 304 -
127.0.0.1 - - [20/Feb/2021:17:10:49 +0100] "GET /images/1_generales/logoinstagram.png HTTP/1.1" 304 -
127.0.0.1 - - [20/Feb/2021:17:10:49 +0100] "GET /images/1_generales/logolinkedin.png HTTP/1.1" 304 -
127.0.0.1 - - [20/Feb/2021:17:10:49 +0100] "GET /index.php HTTP/1.1" 200 3512
127.0.0.1 - - [20/Feb/2021:17:10:49 +0100] "GET /style_petitecran.css HTTP/1.1" 404 317
127.0.0.1 - - [20/Feb/2021:17:10:49 +0100] "GET /images/1_generales/Logo_agora.png HTTP/1.1" 304 -
127.0.0.1 - - [20/Feb/2021:17:10:49 +0100] "GET /images/1_generales/logolinkedin.png HTTP/1.1" 304 -
127.0.0.1 - - [20/Feb/2021:17:10:49 +0100] "GET /images/1_generales/logoinstagram.png HTTP/1.1" 304 -
127.0.0.1 - - [20/Feb/2021:17:10:49 +0100] "GET /images/1_generales/logoFacebook.png HTTP/1.1" 304 -
127.0.0.1 - - [20/Feb/2021:17:10:49 +0100] "GET /index.php HTTP/1.1" 200 3512
127.0.0.1 - - [20/Feb/2021:17:10:50 +0100] "GET /style_petitecran.css HTTP/1.1" 404 317
127.0.0.1 - - [20/Feb/2021:17:10:50 +0100] "GET /images/1_generales/logoinstagram.png HTTP/1.1" 304 -
127.0.0.1 - - [20/Feb/2021:17:10:50 +0100] "GET /images/1_generales/Logo_agora.png HTTP/1.1" 304 -
127.0.0.1 - - [20/Feb/2021:17:10:50 +0100] "GET /images/1_generales/logolinkedin.png HTTP/1.1" 304 -
127.0.0.1 - - [20/Feb/2021:17:10:50 +0100] "GET /images/1_generales/logoFacebook.png HTTP/1.1" 304 -
127.0.0.1 - - [20/Feb/2021:17:10:50 +0100] "GET /index.php HTTP/1.1" 200 3512
127.0.0.1 - - [20/Feb/2021:17:10:50 +0100] "GET /style_petitecran.css HTTP/1.1" 404 317
127.0.0.1 - - [20/Feb/2021:17:10:50 +0100] "GET /images/1_generales/logoFacebook.png HTTP/1.1" 304 -
127.0.0.1 - - [20/Feb/2021:17:10:50 +0100] "GET /images/1_generales/Logo_agora.png HTTP/1.1" 304 -
127.0.0.1 - - [20/Feb/2021:17:10:50 +0100] "GET /images/1_generales/logoinstagram.png HTTP/1.1" 304 -
127.0.0.1 - - [20/Feb/2021:17:10:50 +0100] "GET /images/1_generales/logolinkedin.png HTTP/1.1" 304 -
::1 - - [20/Feb/2021:17:11:06 +0100] "GET /index.php HTTP/1.1" 200 3512
::1 - - [20/Feb/2021:17:11:06 +0100] "GET /images/1_generales/logoFacebook.png HTTP/1.1" 304 -
::1 - - [20/Feb/2021:17:11:06 +0100] "GET /images/1_generales/logoinstagram.png HTTP/1.1" 304 -
::1 - - [20/Feb/2021:17:11:06 +0100] "GET /images/1_generales/logolinkedin.png HTTP/1.1" 304 -
::1 - - [20/Feb/2021:17:11:06 +0100] "GET /style_petitecran.css HTTP/1.1" 404 317
::1 - - [20/Feb/2021:17:11:07 +0100] "GET /index.php HTTP/1.1" 200 3512
::1 - - [20/Feb/2021:17:11:07 +0100] "GET /style_petitecran.css HTTP/1.1" 404 317
::1 - - [20/Feb/2021:17:11:07 +0100] "GET /index.php HTTP/1.1" 200 3512
::1 - - [20/Feb/2021:17:11:07 +0100] "GET /style_petitecran.css HTTP/1.1" 404 317
127.0.0.1 - - [20/Feb/2021:17:11:10 +0100] "GET /index.php HTTP/1.1" 200 3512
127.0.0.1 - - [20/Feb/2021:17:11:10 +0100] "GET /style_petitecran.css HTTP/1.1" 404 317
127.0.0.1 - - [20/Feb/2021:17:11:10 +0100] "GET /images/1_generales/Logo_agora.png HTTP/1.1" 304 -
127.0.0.1 - - [20/Feb/2021:17:11:10 +0100] "GET /images/1_generales/logoinstagram.png HTTP/1.1" 304 -
127.0.0.1 - - [20/Feb/2021:17:11:10 +0100] "GET /images/1_generales/logoFacebook.png HTTP/1.1" 304 -
127.0.0.1 - - [20/Feb/2021:17:11:10 +0100] "GET /index.php HTTP/1.1" 200 3512
127.0.0.1 - - [20/Feb/2021:17:11:10 +0100] "GET /style_petitecran.css HTTP/1.1" 404 317
127.0.0.1 - - [20/Feb/2021:17:11:10 +0100] "GET /images/1_generales/logoinstagram.png HTTP/1.1" 304 -
127.0.0.1 - - [20/Feb/2021:17:11:10 +0100] "GET /images/1_generales/Logo_agora.png HTTP/1.1" 304 -
127.0.0.1 - - [20/Feb/2021:17:11:10 +0100] "GET /images/1_generales/logoFacebook.png HTTP/1.1" 304 -
127.0.0.1 - - [20/Feb/2021:17:11:10 +0100] "GET /images/1_generales/logolinkedin.png HTTP/1.1" 304 -
127.0.0.1 - - [20/Feb/2021:17:11:11 +0100] "GET /index.php HTTP/1.1" 200 3512
127.0.0.1 - - [20/Feb/2021:17:11:11 +0100] "GET /style_petitecran.css HTTP/1.1" 404 317
127.0.0.1 - - [20/Feb/2021:17:11:11 +0100] "GET /images/1_generales/Logo_agora.png HTTP/1.1" 304 -
127.0.0.1 - - [20/Feb/2021:17:11:11 +0100] "GET /images/1_generales/logoFacebook.png HTTP/1.1" 304 -
127.0.0.1 - - [20/Feb/2021:17:11:11 +0100] "GET /images/1_generales/logoinstagram.png HTTP/1.1" 304 -
127.0.0.1 - - [20/Feb/2021:17:11:11 +0100] "GET /images/1_generales/logolinkedin.png HTTP/1.1" 304 -
127.0.0.1 - - [20/Feb/2021:17:11:11 +0100] "GET /index.php HTTP/1.1" 200 3512
127.0.0.1 - - [20/Feb/2021:17:11:11 +0100] "GET /style_petitecran.css HTTP/1.1" 404 317
127.0.0.1 - - [20/Feb/2021:17:11:11 +0100] "GET /images/1_generales/Logo_agora.png HTTP/1.1" 304 -
127.0.0.1 - - [20/Feb/2021:17:11:11 +0100] "GET /images/1_generales/logoinstagram.png HTTP/1.1" 304 -
127.0.0.1 - - [20/Feb/2021:17:11:11 +0100] "GET /images/1_generales/logolinkedin.png HTTP/1.1" 304 -
127.0.0.1 - - [20/Feb/2021:17:11:11 +0100] "GET /images/1_generales/logoFacebook.png HTTP/1.1" 304 -
127.0.0.1 - - [20/Feb/2021:17:11:12 +0100] "GET /index.php HTTP/1.1" 200 3512
127.0.0.1 - - [20/Feb/2021:17:11:12 +0100] "GET /style_petitecran.css HTTP/1.1" 404 317
127.0.0.1 - - [20/Feb/2021:17:11:12 +0100] "GET /images/1_generales/Logo_agora.png HTTP/1.1" 304 -
127.0.0.1 - - [20/Feb/2021:17:11:12 +0100] "GET /images/1_generales/logoinstagram.png HTTP/1.1" 304 -
127.0.0.1 - - [20/Feb/2021:17:11:12 +0100] "GET /images/1_generales/logoFacebook.png HTTP/1.1" 304 -
127.0.0.1 - - [20/Feb/2021:17:11:12 +0100] "GET /images/1_generales/logolinkedin.png HTTP/1.1" 304 -
127.0.0.1 - - [20/Feb/2021:17:11:12 +0100] "GET /index.php HTTP/1.1" 200 3512
127.0.0.1 - - [20/Feb/2021:17:11:12 +0100] "GET /style_petitecran.css HTTP/1.1" 404 317
127.0.0.1 - - [20/Feb/2021:17:11:12 +0100] "GET /images/1_generales/logolinkedin.png HTTP/1.1" 304 -
127.0.0.1 - - [20/Feb/2021:17:11:12 +0100] "GET /images/1_generales/logoinstagram.png HTTP/1.1" 304 -
127.0.0.1 - - [20/Feb/2021:17:11:12 +0100] "GET /images/1_generales/logoFacebook.png HTTP/1.1" 304 -
127.0.0.1 - - [20/Feb/2021:17:11:12 +0100] "GET /images/1_generales/Logo_agora.png HTTP/1.1" 304 -
127.0.0.1 - - [20/Feb/2021:17:12:18 +0100] "GET /index.php HTTP/1.1" 200 3512
127.0.0.1 - - [20/Feb/2021:17:12:18 +0100] "GET /style_petitecran.css HTTP/1.1" 404 317
127.0.0.1 - - [20/Feb/2021:17:12:18 +0100] "GET /images/1_generales/Logo_agora.png HTTP/1.1" 304 -
127.0.0.1 - - [20/Feb/2021:17:12:18 +0100] "GET /images/1_generales/logoinstagram.png HTTP/1.1" 304 -
127.0.0.1 - - [20/Feb/2021:17:12:18 +0100] "GET /images/1_generales/logoFacebook.png HTTP/1.1" 304 -
127.0.0.1 - - [20/Feb/2021:17:12:19 +0100] "GET /index.php HTTP/1.1" 200 3512
127.0.0.1 - - [20/Feb/2021:17:12:19 +0100] "GET /style_petitecran.css HTTP/1.1" 404 317
127.0.0.1 - - [20/Feb/2021:17:12:19 +0100] "GET /images/1_generales/Logo_agora.png HTTP/1.1" 304 -
127.0.0.1 - - [20/Feb/2021:17:12:19 +0100] "GET /images/1_generales/logoFacebook.png HTTP/1.1" 304 -
127.0.0.1 - - [20/Feb/2021:17:12:19 +0100] "GET /images/1_generales/logoinstagram.png HTTP/1.1" 304 -
127.0.0.1 - - [20/Feb/2021:17:12:19 +0100] "GET /images/1_generales/logolinkedin.png HTTP/1.1" 304 -
127.0.0.1 - - [20/Feb/2021:17:12:19 +0100] "GET /index.php HTTP/1.1" 200 3512
127.0.0.1 - - [20/Feb/2021:17:12:19 +0100] "GET /style_petitecran.css HTTP/1.1" 404 317
127.0.0.1 - - [20/Feb/2021:17:12:19 +0100] "GET /images/1_generales/Logo_agora.png HTTP/1.1" 304 -
127.0.0.1 - - [20/Feb/2021:17:12:19 +0100] "GET /images/1_generales/logoinstagram.png HTTP/1.1" 304 -
127.0.0.1 - - [20/Feb/2021:17:12:19 +0100] "GET /images/1_generales/logoFacebook.png HTTP/1.1" 304 -
127.0.0.1 - - [20/Feb/2021:17:12:19 +0100] "GET /images/1_generales/logolinkedin.png HTTP/1.1" 304 -
127.0.0.1 - - [20/Feb/2021:17:12:20 +0100] "GET /index.php HTTP/1.1" 200 3512
127.0.0.1 - - [20/Feb/2021:17:12:20 +0100] "GET /style_petitecran.css HTTP/1.1" 404 317
127.0.0.1 - - [20/Feb/2021:17:12:20 +0100] "GET /images/1_generales/Logo_agora.png HTTP/1.1" 304 -
127.0.0.1 - - [20/Feb/2021:17:12:20 +0100] "GET /images/1_generales/logoinstagram.png HTTP/1.1" 304 -
127.0.0.1 - - [20/Feb/2021:17:12:20 +0100] "GET /images/1_generales/logoFacebook.png HTTP/1.1" 304 -
127.0.0.1 - - [20/Feb/2021:17:12:20 +0100] "GET /images/1_generales/logolinkedin.png HTTP/1.1" 304 -
127.0.0.1 - - [20/Feb/2021:17:12:20 +0100] "GET /index.php HTTP/1.1" 200 3512
127.0.0.1 - - [20/Feb/2021:17:12:20 +0100] "GET /style_petitecran.css HTTP/1.1" 404 317
127.0.0.1 - - [20/Feb/2021:17:12:20 +0100] "GET /images/1_generales/Logo_agora.png HTTP/1.1" 304 -
127.0.0.1 - - [20/Feb/2021:17:12:20 +0100] "GET /images/1_generales/logoFacebook.png HTTP/1.1" 304 -
127.0.0.1 - - [20/Feb/2021:17:12:20 +0100] "GET /images/1_generales/logoinstagram.png HTTP/1.1" 304 -
127.0.0.1 - - [20/Feb/2021:17:12:20 +0100] "GET /images/1_generales/logolinkedin.png HTTP/1.1" 304 -
127.0.0.1 - - [20/Feb/2021:17:12:20 +0100] "GET /index.php HTTP/1.1" 200 3512
127.0.0.1 - - [20/Feb/2021:17:12:21 +0100] "GET /style_petitecran.css HTTP/1.1" 404 317
127.0.0.1 - - [20/Feb/2021:17:12:21 +0100] "GET /images/1_generales/Logo_agora.png HTTP/1.1" 304 -
127.0.0.1 - - [20/Feb/2021:17:12:21 +0100] "GET /images/1_generales/logoFacebook.png HTTP/1.1" 304 -
127.0.0.1 - - [20/Feb/2021:17:12:21 +0100] "GET /images/1_generales/logoinstagram.png HTTP/1.1" 304 -
127.0.0.1 - - [20/Feb/2021:17:12:21 +0100] "GET /images/1_generales/logolinkedin.png HTTP/1.1" 304 -
127.0.0.1 - - [20/Feb/2021:17:12:21 +0100] "GET /index.php HTTP/1.1" 200 3512
127.0.0.1 - - [20/Feb/2021:17:12:21 +0100] "GET /style_petitecran.css HTTP/1.1" 404 317
127.0.0.1 - - [20/Feb/2021:17:12:21 +0100] "GET /images/1_generales/logoFacebook.png HTTP/1.1" 304 -
127.0.0.1 - - [20/Feb/2021:17:12:21 +0100] "GET /images/1_generales/logoinstagram.png HTTP/1.1" 304 -
127.0.0.1 - - [20/Feb/2021:17:12:21 +0100] "GET /images/1_generales/Logo_agora.png HTTP/1.1" 304 -
127.0.0.1 - - [20/Feb/2021:17:12:21 +0100] "GET /images/1_generales/logolinkedin.png HTTP/1.1" 304 -
127.0.0.1 - - [20/Feb/2021:17:12:21 +0100] "GET /index.php HTTP/1.1" 200 3512
127.0.0.1 - - [20/Feb/2021:17:12:21 +0100] "GET /style_petitecran.css HTTP/1.1" 404 317
127.0.0.1 - - [20/Feb/2021:17:12:21 +0100] "GET /images/1_generales/logoinstagram.png HTTP/1.1" 304 -
127.0.0.1 - - [20/Feb/2021:17:12:21 +0100] "GET /images/1_generales/logoFacebook.png HTTP/1.1" 304 -
127.0.0.1 - - [20/Feb/2021:17:12:21 +0100] "GET /images/1_generales/Logo_agora.png HTTP/1.1" 304 -
127.0.0.1 - - [20/Feb/2021:17:12:21 +0100] "GET /images/1_generales/logolinkedin.png HTTP/1.1" 304 -
127.0.0.1 - - [20/Feb/2021:17:13:14 +0100] "GET /index.php HTTP/1.1" 200 3512
127.0.0.1 - - [20/Feb/2021:17:13:14 +0100] "GET /style_petitecran.css HTTP/1.1" 404 317
127.0.0.1 - - [20/Feb/2021:17:13:14 +0100] "GET /images/1_generales/Logo_agora.png HTTP/1.1" 304 -
127.0.0.1 - - [20/Feb/2021:17:13:14 +0100] "GET /images/1_generales/logoinstagram.png HTTP/1.1" 304 -
127.0.0.1 - - [20/Feb/2021:17:13:14 +0100] "GET /images/1_generales/logoFacebook.png HTTP/1.1" 304 -
127.0.0.1 - - [20/Feb/2021:17:13:14 +0100] "GET /images/1_generales/logolinkedin.png HTTP/1.1" 304 -
127.0.0.1 - - [20/Feb/2021:17:13:15 +0100] "GET /index.php HTTP/1.1" 200 3512
127.0.0.1 - - [20/Feb/2021:17:13:15 +0100] "GET /style_petitecran.css HTTP/1.1" 404 317
127.0.0.1 - - [20/Feb/2021:17:13:15 +0100] "GET /images/1_generales/logoinstagram.png HTTP/1.1" 304 -
127.0.0.1 - - [20/Feb/2021:17:13:15 +0100] "GET /images/1_generales/logoFacebook.png HTTP/1.1" 304 -
127.0.0.1 - - [20/Feb/2021:17:13:15 +0100] "GET /images/1_generales/Logo_agora.png HTTP/1.1" 304 -
127.0.0.1 - - [20/Feb/2021:17:13:15 +0100] "GET /images/1_generales/logolinkedin.png HTTP/1.1" 304 -
127.0.0.1 - - [20/Feb/2021:17:13:15 +0100] "GET /index.php HTTP/1.1" 200 3512
127.0.0.1 - - [20/Feb/2021:17:13:15 +0100] "GET /style_petitecran.css HTTP/1.1" 404 317
127.0.0.1 - - [20/Feb/2021:17:13:15 +0100] "GET /images/1_generales/Logo_agora.png HTTP/1.1" 304 -
127.0.0.1 - - [20/Feb/2021:17:13:15 +0100] "GET /images/1_generales/logoinstagram.png HTTP/1.1" 304 -
127.0.0.1 - - [20/Feb/2021:17:13:15 +0100] "GET /images/1_generales/logoFacebook.png HTTP/1.1" 304 -
127.0.0.1 - - [20/Feb/2021:17:13:15 +0100] "GET /images/1_generales/logolinkedin.png HTTP/1.1" 304 -
127.0.0.1 - - [20/Feb/2021:17:13:15 +0100] "GET /index.php HTTP/1.1" 200 3512
127.0.0.1 - - [20/Feb/2021:17:13:15 +0100] "GET /style_petitecran.css HTTP/1.1" 404 317
127.0.0.1 - - [20/Feb/2021:17:13:15 +0100] "GET /images/1_generales/Logo_agora.png HTTP/1.1" 304 -
127.0.0.1 - - [20/Feb/2021:17:13:15 +0100] "GET /images/1_generales/logoFacebook.png HTTP/1.1" 304 -
127.0.0.1 - - [20/Feb/2021:17:13:15 +0100] "GET /images/1_generales/logoinstagram.png HTTP/1.1" 304 -
127.0.0.1 - - [20/Feb/2021:17:13:15 +0100] "GET /images/1_generales/logolinkedin.png HTTP/1.1" 304 -
127.0.0.1 - - [20/Feb/2021:17:13:16 +0100] "GET /index.php HTTP/1.1" 200 3512
127.0.0.1 - - [20/Feb/2021:17:13:16 +0100] "GET /style_petitecran.css HTTP/1.1" 404 317
127.0.0.1 - - [20/Feb/2021:17:13:16 +0100] "GET /images/1_generales/Logo_agora.png HTTP/1.1" 304 -
127.0.0.1 - - [20/Feb/2021:17:13:16 +0100] "GET /images/1_generales/logoFacebook.png HTTP/1.1" 304 -
127.0.0.1 - - [20/Feb/2021:17:13:16 +0100] "GET /images/1_generales/logolinkedin.png HTTP/1.1" 304 -
127.0.0.1 - - [20/Feb/2021:17:13:16 +0100] "GET /images/1_generales/logoinstagram.png HTTP/1.1" 304 -
127.0.0.1 - - [20/Feb/2021:17:13:16 +0100] "GET /index.php HTTP/1.1" 200 3512
127.0.0.1 - - [20/Feb/2021:17:13:16 +0100] "GET /style_petitecran.css HTTP/1.1" 404 317
127.0.0.1 - - [20/Feb/2021:17:13:16 +0100] "GET /images/1_generales/Logo_agora.png HTTP/1.1" 304 -
127.0.0.1 - - [20/Feb/2021:17:13:16 +0100] "GET /images/1_generales/logoFacebook.png HTTP/1.1" 304 -
127.0.0.1 - - [20/Feb/2021:17:13:16 +0100] "GET /images/1_generales/logoinstagram.png HTTP/1.1" 304 -
127.0.0.1 - - [20/Feb/2021:17:13:16 +0100] "GET /images/1_generales/logolinkedin.png HTTP/1.1" 304 -
127.0.0.1 - - [20/Feb/2021:17:13:27 +0100] "GET /index.php HTTP/1.1" 200 3512
127.0.0.1 - - [20/Feb/2021:17:13:27 +0100] "GET /style_petitecran.css HTTP/1.1" 404 317
127.0.0.1 - - [20/Feb/2021:17:13:36 +0100] "GET /index.php HTTP/1.1" 200 3512
127.0.0.1 - - [20/Feb/2021:17:13:36 +0100] "GET /style_petitecran.css HTTP/1.1" 404 317
127.0.0.1 - - [20/Feb/2021:17:13:36 +0100] "GET /images/1_generales/logolinkedin.png HTTP/1.1" 304 -
127.0.0.1 - - [20/Feb/2021:17:13:36 +0100] "GET /images/1_generales/logoFacebook.png HTTP/1.1" 304 -
127.0.0.1 - - [20/Feb/2021:17:13:36 +0100] "GET /images/1_generales/Logo_agora.png HTTP/1.1" 304 -
127.0.0.1 - - [20/Feb/2021:17:13:36 +0100] "GET /images/1_generales/logoinstagram.png HTTP/1.1" 304 -
127.0.0.1 - - [20/Feb/2021:17:13:36 +0100] "GET /index.php HTTP/1.1" 200 3512
127.0.0.1 - - [20/Feb/2021:17:13:36 +0100] "GET /style_petitecran.css HTTP/1.1" 404 317
127.0.0.1 - - [20/Feb/2021:17:13:36 +0100] "GET /images/1_generales/logoFacebook.png HTTP/1.1" 304 -
127.0.0.1 - - [20/Feb/2021:17:13:36 +0100] "GET /images/1_generales/Logo_agora.png HTTP/1.1" 304 -
127.0.0.1 - - [20/Feb/2021:17:13:36 +0100] "GET /images/1_generales/logolinkedin.png HTTP/1.1" 304 -
127.0.0.1 - - [20/Feb/2021:17:13:36 +0100] "GET /images/1_generales/logoinstagram.png HTTP/1.1" 304 -
127.0.0.1 - - [20/Feb/2021:17:13:37 +0100] "GET /index.php HTTP/1.1" 200 3512
127.0.0.1 - - [20/Feb/2021:17:13:37 +0100] "GET /style_petitecran.css HTTP/1.1" 404 317
127.0.0.1 - - [20/Feb/2021:17:13:37 +0100] "GET /images/1_generales/logoFacebook.png HTTP/1.1" 304 -
127.0.0.1 - - [20/Feb/2021:17:13:37 +0100] "GET /images/1_generales/Logo_agora.png HTTP/1.1" 304 -
127.0.0.1 - - [20/Feb/2021:17:13:37 +0100] "GET /images/1_generales/logoinstagram.png HTTP/1.1" 304 -
127.0.0.1 - - [20/Feb/2021:17:13:37 +0100] "GET /images/1_generales/logolinkedin.png HTTP/1.1" 304 -
127.0.0.1 - - [20/Feb/2021:17:13:37 +0100] "GET /index.php HTTP/1.1" 200 3512
127.0.0.1 - - [20/Feb/2021:17:13:37 +0100] "GET /style_petitecran.css HTTP/1.1" 404 317
127.0.0.1 - - [20/Feb/2021:17:13:37 +0100] "GET /images/1_generales/Logo_agora.png HTTP/1.1" 304 -
127.0.0.1 - - [20/Feb/2021:17:13:37 +0100] "GET /images/1_generales/logoFacebook.png HTTP/1.1" 304 -
127.0.0.1 - - [20/Feb/2021:17:13:37 +0100] "GET /images/1_generales/logolinkedin.png HTTP/1.1" 304 -
127.0.0.1 - - [20/Feb/2021:17:13:37 +0100] "GET /images/1_generales/logoinstagram.png HTTP/1.1" 304 -
127.0.0.1 - - [20/Feb/2021:17:13:38 +0100] "GET /index.php HTTP/1.1" 200 3512
127.0.0.1 - - [20/Feb/2021:17:13:38 +0100] "GET /style_petitecran.css HTTP/1.1" 404 317
127.0.0.1 - - [20/Feb/2021:17:13:38 +0100] "GET /images/1_generales/Logo_agora.png HTTP/1.1" 304 -
127.0.0.1 - - [20/Feb/2021:17:13:38 +0100] "GET /images/1_generales/logoFacebook.png HTTP/1.1" 304 -
127.0.0.1 - - [20/Feb/2021:17:13:38 +0100] "GET /images/1_generales/logoinstagram.png HTTP/1.1" 304 -
127.0.0.1 - - [20/Feb/2021:17:13:38 +0100] "GET /images/1_generales/logolinkedin.png HTTP/1.1" 304 -
127.0.0.1 - - [20/Feb/2021:17:13:38 +0100] "GET /index.php HTTP/1.1" 200 3512
127.0.0.1 - - [20/Feb/2021:17:13:38 +0100] "GET /style_petitecran.css HTTP/1.1" 404 317
127.0.0.1 - - [20/Feb/2021:17:13:38 +0100] "GET /images/1_generales/Logo_agora.png HTTP/1.1" 304 -
127.0.0.1 - - [20/Feb/2021:17:13:38 +0100] "GET /images/1_generales/logoFacebook.png HTTP/1.1" 304 -
127.0.0.1 - - [20/Feb/2021:17:13:38 +0100] "GET /images/1_generales/logoinstagram.png HTTP/1.1" 304 -
127.0.0.1 - - [20/Feb/2021:17:13:38 +0100] "GET /images/1_generales/logolinkedin.png HTTP/1.1" 304 -
127.0.0.1 - - [20/Feb/2021:17:13:38 +0100] "GET /index.php HTTP/1.1" 200 3512
127.0.0.1 - - [20/Feb/2021:17:13:38 +0100] "GET /style_petitecran.css HTTP/1.1" 404 317
127.0.0.1 - - [20/Feb/2021:17:13:38 +0100] "GET /images/1_generales/Logo_agora.png HTTP/1.1" 304 -
127.0.0.1 - - [20/Feb/2021:17:13:38 +0100] "GET /images/1_generales/logoFacebook.png HTTP/1.1" 304 -
127.0.0.1 - - [20/Feb/2021:17:13:38 +0100] "GET /images/1_generales/logoinstagram.png HTTP/1.1" 304 -
127.0.0.1 - - [20/Feb/2021:17:13:38 +0100] "GET /images/1_generales/logolinkedin.png HTTP/1.1" 304 -
127.0.0.1 - - [20/Feb/2021:17:13:38 +0100] "GET /index.php HTTP/1.1" 200 3512
127.0.0.1 - - [20/Feb/2021:17:13:38 +0100] "GET /style_petitecran.css HTTP/1.1" 404 317
127.0.0.1 - - [20/Feb/2021:17:13:38 +0100] "GET /images/1_generales/logolinkedin.png HTTP/1.1" 304 -
127.0.0.1 - - [20/Feb/2021:17:13:38 +0100] "GET /images/1_generales/logoFacebook.png HTTP/1.1" 304 -
127.0.0.1 - - [20/Feb/2021:17:13:38 +0100] "GET /images/1_generales/logoinstagram.png HTTP/1.1" 304 -
127.0.0.1 - - [20/Feb/2021:17:13:38 +0100] "GET /images/1_generales/Logo_agora.png HTTP/1.1" 304 -
::1 - - [20/Feb/2021:17:13:40 +0100] "GET /index.php HTTP/1.1" 200 3512
::1 - - [20/Feb/2021:17:13:40 +0100] "GET /images/1_generales/logoFacebook.png HTTP/1.1" 304 -
::1 - - [20/Feb/2021:17:13:40 +0100] "GET /images/1_generales/logoinstagram.png HTTP/1.1" 304 -
::1 - - [20/Feb/2021:17:13:40 +0100] "GET /images/1_generales/logolinkedin.png HTTP/1.1" 304 -
::1 - - [20/Feb/2021:17:13:40 +0100] "GET /style_petitecran.css HTTP/1.1" 404 317
::1 - - [20/Feb/2021:17:13:41 +0100] "GET /index.php HTTP/1.1" 200 3512
::1 - - [20/Feb/2021:17:13:41 +0100] "GET /style_petitecran.css HTTP/1.1" 404 317
::1 - - [20/Feb/2021:17:13:41 +0100] "GET /index.php HTTP/1.1" 200 3512
::1 - - [20/Feb/2021:17:13:41 +0100] "GET /style_petitecran.css HTTP/1.1" 404 317
::1 - - [20/Feb/2021:17:13:42 +0100] "GET /index.php HTTP/1.1" 200 3512
::1 - - [20/Feb/2021:17:13:42 +0100] "GET /style_petitecran.css HTTP/1.1" 404 317
::1 - - [20/Feb/2021:17:14:29 +0100] "GET / HTTP/1.1" 200 3512
::1 - - [20/Feb/2021:17:14:29 +0100] "GET /images/1_generales/logoFacebook.png HTTP/1.1" 304 -
::1 - - [20/Feb/2021:17:14:29 +0100] "GET /images/1_generales/logoinstagram.png HTTP/1.1" 304 -
::1 - - [20/Feb/2021:17:14:29 +0100] "GET /images/1_generales/logolinkedin.png HTTP/1.1" 304 -
::1 - - [20/Feb/2021:17:14:30 +0100] "GET /style_petitecran.css HTTP/1.1" 404 317
127.0.0.1 - - [20/Feb/2021:17:16:11 +0100] "GET /index.php HTTP/1.1" 200 3512
127.0.0.1 - - [20/Feb/2021:17:16:11 +0100] "GET /style_petitecran.css HTTP/1.1" 404 317
127.0.0.1 - - [20/Feb/2021:17:16:11 +0100] "GET /images/1_generales/logolinkedin.png HTTP/1.1" 304 -
127.0.0.1 - - [20/Feb/2021:17:16:11 +0100] "GET /images/1_generales/logoFacebook.png HTTP/1.1" 304 -
127.0.0.1 - - [20/Feb/2021:17:16:13 +0100] "GET /index.php HTTP/1.1" 200 3512
127.0.0.1 - - [20/Feb/2021:17:16:13 +0100] "GET /images/1_generales/logoinstagram.png HTTP/1.1" 304 -
127.0.0.1 - - [20/Feb/2021:17:16:13 +0100] "GET /style_petitecran.css HTTP/1.1" 404 317
127.0.0.1 - - [20/Feb/2021:17:16:13 +0100] "GET /images/1_generales/Logo_agora.png HTTP/1.1" 304 -
127.0.0.1 - - [20/Feb/2021:17:16:13 +0100] "GET /images/1_generales/logoFacebook.png HTTP/1.1" 304 -
127.0.0.1 - - [20/Feb/2021:17:16:13 +0100] "GET /images/1_generales/logolinkedin.png HTTP/1.1" 304 -
127.0.0.1 - - [20/Feb/2021:17:16:13 +0100] "GET /index.php HTTP/1.1" 200 3512
127.0.0.1 - - [20/Feb/2021:17:16:13 +0100] "GET /style_petitecran.css HTTP/1.1" 404 317
127.0.0.1 - - [20/Feb/2021:17:16:13 +0100] "GET /images/1_generales/Logo_agora.png HTTP/1.1" 304 -
127.0.0.1 - - [20/Feb/2021:17:16:13 +0100] "GET /images/1_generales/logoinstagram.png HTTP/1.1" 304 -
127.0.0.1 - - [20/Feb/2021:17:16:13 +0100] "GET /images/1_generales/logoFacebook.png HTTP/1.1" 304 -
127.0.0.1 - - [20/Feb/2021:17:16:13 +0100] "GET /images/1_generales/logolinkedin.png HTTP/1.1" 304 -
127.0.0.1 - - [20/Feb/2021:17:16:14 +0100] "GET /index.php HTTP/1.1" 200 3512
127.0.0.1 - - [20/Feb/2021:17:16:14 +0100] "GET /style_petitecran.css HTTP/1.1" 404 317
127.0.0.1 - - [20/Feb/2021:17:16:14 +0100] "GET /images/1_generales/Logo_agora.png HTTP/1.1" 304 -
127.0.0.1 - - [20/Feb/2021:17:16:14 +0100] "GET /images/1_generales/logoFacebook.png HTTP/1.1" 304 -
127.0.0.1 - - [20/Feb/2021:17:16:14 +0100] "GET /images/1_generales/logoinstagram.png HTTP/1.1" 304 -
127.0.0.1 - - [20/Feb/2021:17:16:14 +0100] "GET /images/1_generales/logolinkedin.png HTTP/1.1" 304 -
127.0.0.1 - - [20/Feb/2021:17:16:14 +0100] "GET /index.php HTTP/1.1" 200 3512
127.0.0.1 - - [20/Feb/2021:17:16:14 +0100] "GET /style_petitecran.css HTTP/1.1" 404 317
127.0.0.1 - - [20/Feb/2021:17:16:14 +0100] "GET /images/1_generales/Logo_agora.png HTTP/1.1" 304 -
127.0.0.1 - - [20/Feb/2021:17:16:14 +0100] "GET /images/1_generales/logoFacebook.png HTTP/1.1" 304 -
127.0.0.1 - - [20/Feb/2021:17:16:14 +0100] "GET /images/1_generales/logoinstagram.png HTTP/1.1" 304 -
127.0.0.1 - - [20/Feb/2021:17:16:14 +0100] "GET /images/1_generales/logolinkedin.png HTTP/1.1" 304 -
